2019-04-26 21:53:24,619 INFO 12066 [egg-schedule]: register schedule /Users/lp1/Downloads/Vue-shopping-master/egg/node_modules/_egg-logrotator@3.1.0@egg-logrotator/app/schedule/clean_log.js
2019-04-26 21:53:24,619 INFO 12066 [egg-schedule]: register schedule /Users/lp1/Downloads/Vue-shopping-master/egg/node_modules/_egg-logrotator@3.1.0@egg-logrotator/app/schedule/rotate_by_file.js
2019-04-26 21:53:25,133 INFO 12060 [Timer] /Users/lp1/Downloads/Vue-shopping-master/egg/node_modules/_egg-logrotator@3.1.0@egg-logrotator/app/schedule/clean_log.js next time will execute after 7594868ms at 2019-04-27 00:00:00.001
2019-04-26 21:53:25,134 INFO 12060 [Timer] /Users/lp1/Downloads/Vue-shopping-master/egg/node_modules/_egg-logrotator@3.1.0@egg-logrotator/app/schedule/rotate_by_file.js next time will execute after 7595867ms at 2019-04-27 00:00:01.001
2019-04-27 08:36:27,870 INFO 6732 [egg-schedule]: register schedule C:\Users\Administrator\Desktop\shop\server\node_modules\egg-logrotator\app\schedule\clean_log.js
2019-04-27 08:36:27,870 INFO 6732 [egg-schedule]: register schedule C:\Users\Administrator\Desktop\shop\server\node_modules\egg-logrotator\app\schedule\rotate_by_file.js
2019-04-27 08:36:28,544 INFO 2016 [Timer] C:\Users\Administrator\Desktop\shop\server\node_modules\egg-logrotator\app\schedule\clean_log.js next time will execute after 55411458ms at 2019-04-28 00:00:00.002
2019-04-27 08:36:28,545 INFO 2016 [Timer] C:\Users\Administrator\Desktop\shop\server\node_modules\egg-logrotator\app\schedule\rotate_by_file.js next time will execute after 55412456ms at 2019-04-28 00:00:01.001
2019-04-27 10:25:49,289 INFO 3124 [egg-schedule]: register schedule C:\Users\Administrator\Desktop\shop\server\node_modules\egg-logrotator\app\schedule\clean_log.js
2019-04-27 10:25:49,289 INFO 3124 [egg-schedule]: register schedule C:\Users\Administrator\Desktop\shop\server\node_modules\egg-logrotator\app\schedule\rotate_by_file.js
2019-04-27 10:25:50,207 INFO 4408 [Timer] C:\Users\Administrator\Desktop\shop\server\node_modules\egg-logrotator\app\schedule\clean_log.js next time will execute after 48849796ms at 2019-04-28 00:00:00.003
2019-04-27 10:25:50,208 INFO 4408 [Timer] C:\Users\Administrator\Desktop\shop\server\node_modules\egg-logrotator\app\schedule\rotate_by_file.js next time will execute after 48850793ms at 2019-04-28 00:00:01.001
2019-04-30 13:56:42,574 INFO 7004 [egg-schedule]: register schedule C:\Users\Administrator\Desktop\shop\server\node_modules\_egg-logrotator@3.1.0@egg-logrotator\app\schedule\clean_log.js
2019-04-30 13:56:42,574 INFO 7004 [egg-schedule]: register schedule C:\Users\Administrator\Desktop\shop\server\node_modules\_egg-logrotator@3.1.0@egg-logrotator\app\schedule\rotate_by_file.js
2019-04-30 13:56:43,566 INFO 7296 [Timer] C:\Users\Administrator\Desktop\shop\server\node_modules\_egg-logrotator@3.1.0@egg-logrotator\app\schedule\clean_log.js next time will execute after 36196437ms at 2019-05-01 00:00:00.003
2019-04-30 13:56:43,566 INFO 7296 [Timer] C:\Users\Administrator\Desktop\shop\server\node_modules\_egg-logrotator@3.1.0@egg-logrotator\app\schedule\rotate_by_file.js next time will execute after 36197434ms at 2019-05-01 00:00:01.000
2019-04-30 14:03:27,981 INFO 1108 [egg-schedule]: register schedule C:\Users\Administrator\Desktop\shop\server\node_modules\_egg-logrotator@3.1.0@egg-logrotator\app\schedule\clean_log.js
2019-04-30 14:03:27,981 INFO 1108 [egg-schedule]: register schedule C:\Users\Administrator\Desktop\shop\server\node_modules\_egg-logrotator@3.1.0@egg-logrotator\app\schedule\rotate_by_file.js
2019-04-30 14:03:28,965 INFO 7224 [Timer] C:\Users\Administrator\Desktop\shop\server\node_modules\_egg-logrotator@3.1.0@egg-logrotator\app\schedule\clean_log.js next time will execute after 35791037ms at 2019-05-01 00:00:00.002
2019-04-30 14:03:28,965 INFO 7224 [Timer] C:\Users\Administrator\Desktop\shop\server\node_modules\_egg-logrotator@3.1.0@egg-logrotator\app\schedule\rotate_by_file.js next time will execute after 35792035ms at 2019-05-01 00:00:01.000
2019-04-30 15:00:05,800 INFO 6380 [egg-schedule]: register schedule C:\Users\Administrator\Desktop\shop\server\node_modules\_egg-logrotator@3.1.0@egg-logrotator\app\schedule\clean_log.js
2019-04-30 15:00:05,800 INFO 6380 [egg-schedule]: register schedule C:\Users\Administrator\Desktop\shop\server\node_modules\_egg-logrotator@3.1.0@egg-logrotator\app\schedule\rotate_by_file.js
2019-04-30 15:01:10,434 INFO 6940 [egg-schedule]: register schedule C:\Users\Administrator\Desktop\shop\server\node_modules\_egg-logrotator@3.1.0@egg-logrotator\app\schedule\clean_log.js
2019-04-30 15:01:10,434 INFO 6940 [egg-schedule]: register schedule C:\Users\Administrator\Desktop\shop\server\node_modules\_egg-logrotator@3.1.0@egg-logrotator\app\schedule\rotate_by_file.js
2019-04-30 15:10:23,300 INFO 1588 [egg-schedule]: register schedule C:\Users\Administrator\Desktop\shop\server\node_modules\_egg-logrotator@3.1.0@egg-logrotator\app\schedule\clean_log.js
2019-04-30 15:10:23,300 INFO 1588 [egg-schedule]: register schedule C:\Users\Administrator\Desktop\shop\server\node_modules\_egg-logrotator@3.1.0@egg-logrotator\app\schedule\rotate_by_file.js
2019-04-30 16:00:35,805 INFO 8096 [Timer] C:\Users\Administrator\Desktop\shop\server\node_modules\_egg-logrotator@3.1.0@egg-logrotator\app\schedule\clean_log.js next time will execute after 28764197ms at 2019-05-01 00:00:00.002
2019-04-30 16:00:35,806 INFO 8096 [Timer] C:\Users\Administrator\Desktop\shop\server\node_modules\_egg-logrotator@3.1.0@egg-logrotator\app\schedule\rotate_by_file.js next time will execute after 28765194ms at 2019-05-01 00:00:01.000
2019-04-30 16:00:34,907 INFO 2516 [egg-schedule]: register schedule C:\Users\Administrator\Desktop\shop\server\node_modules\_egg-logrotator@3.1.0@egg-logrotator\app\schedule\clean_log.js
2019-04-30 16:00:34,907 INFO 2516 [egg-schedule]: register schedule C:\Users\Administrator\Desktop\shop\server\node_modules\_egg-logrotator@3.1.0@egg-logrotator\app\schedule\rotate_by_file.js
2019-04-30 16:27:59,003 INFO 1652 [egg-schedule]: register schedule C:\Users\Administrator\Desktop\shop\server\node_modules\_egg-logrotator@3.1.0@egg-logrotator\app\schedule\clean_log.js
2019-04-30 16:27:59,003 INFO 1652 [egg-schedule]: register schedule C:\Users\Administrator\Desktop\shop\server\node_modules\_egg-logrotator@3.1.0@egg-logrotator\app\schedule\rotate_by_file.js
2019-04-30 16:27:59,901 INFO 3480 [Timer] C:\Users\Administrator\Desktop\shop\server\node_modules\_egg-logrotator@3.1.0@egg-logrotator\app\schedule\clean_log.js next time will execute after 27120102ms at 2019-05-01 00:00:00.003
2019-04-30 16:27:59,902 INFO 3480 [Timer] C:\Users\Administrator\Desktop\shop\server\node_modules\_egg-logrotator@3.1.0@egg-logrotator\app\schedule\rotate_by_file.js next time will execute after 27121098ms at 2019-05-01 00:00:01.000
2019-05-08 11:13:01,316 INFO 7920 [egg-schedule]: register schedule C:\Users\Administrator\Desktop\shop\server\node_modules\_egg-logrotator@3.1.0@egg-logrotator\app\schedule\clean_log.js
2019-05-08 11:13:01,316 INFO 7920 [egg-schedule]: register schedule C:\Users\Administrator\Desktop\shop\server\node_modules\_egg-logrotator@3.1.0@egg-logrotator\app\schedule\rotate_by_file.js
2019-05-08 11:13:02,273 INFO 7520 [Timer] C:\Users\Administrator\Desktop\shop\server\node_modules\_egg-logrotator@3.1.0@egg-logrotator\app\schedule\clean_log.js next time will execute after 46017730ms at 2019-05-09 00:00:00.003
2019-05-08 11:13:02,273 INFO 7520 [Timer] C:\Users\Administrator\Desktop\shop\server\node_modules\_egg-logrotator@3.1.0@egg-logrotator\app\schedule\rotate_by_file.js next time will execute after 46018727ms at 2019-05-09 00:00:01.000
2019-05-08 16:19:35,394 INFO 6608 [egg-schedule]: register schedule C:\Users\Administrator\Desktop\shop\server\node_modules\_egg-logrotator@3.1.0@egg-logrotator\app\schedule\clean_log.js
2019-05-08 16:19:35,394 INFO 6608 [egg-schedule]: register schedule C:\Users\Administrator\Desktop\shop\server\node_modules\_egg-logrotator@3.1.0@egg-logrotator\app\schedule\rotate_by_file.js
2019-05-08 16:19:36,932 INFO 3768 [Timer] C:\Users\Administrator\Desktop\shop\server\node_modules\_egg-logrotator@3.1.0@egg-logrotator\app\schedule\clean_log.js next time will execute after 27623072ms at 2019-05-09 00:00:00.004
2019-05-08 16:19:36,934 INFO 3768 [Timer] C:\Users\Administrator\Desktop\shop\server\node_modules\_egg-logrotator@3.1.0@egg-logrotator\app\schedule\rotate_by_file.js next time will execute after 27624067ms at 2019-05-09 00:00:01.001
2019-05-10 08:53:01,790 INFO 3636 [egg-schedule]: register schedule C:\Users\Administrator\Desktop\shop\server\node_modules\_egg-logrotator@3.1.0@egg-logrotator\app\schedule\clean_log.js
2019-05-10 08:53:01,790 INFO 3636 [egg-schedule]: register schedule C:\Users\Administrator\Desktop\shop\server\node_modules\_egg-logrotator@3.1.0@egg-logrotator\app\schedule\rotate_by_file.js
2019-05-10 08:53:02,667 INFO 7236 [Timer] C:\Users\Administrator\Desktop\shop\server\node_modules\_egg-logrotator@3.1.0@egg-logrotator\app\schedule\clean_log.js next time will execute after 54417335ms at 2019-05-11 00:00:00.002
2019-05-10 08:53:02,670 INFO 7236 [Timer] C:\Users\Administrator\Desktop\shop\server\node_modules\_egg-logrotator@3.1.0@egg-logrotator\app\schedule\rotate_by_file.js next time will execute after 54418333ms at 2019-05-11 00:00:01.002
2019-05-10 08:53:17,483 INFO 7048 [egg-schedule]: register schedule C:\Users\Administrator\Desktop\shop\server\node_modules\_egg-logrotator@3.1.0@egg-logrotator\app\schedule\clean_log.js
2019-05-10 08:53:17,483 INFO 7048 [egg-schedule]: register schedule C:\Users\Administrator\Desktop\shop\server\node_modules\_egg-logrotator@3.1.0@egg-logrotator\app\schedule\rotate_by_file.js
2019-05-10 08:53:18,095 INFO 7848 [Timer] C:\Users\Administrator\Desktop\shop\server\node_modules\_egg-logrotator@3.1.0@egg-logrotator\app\schedule\clean_log.js next time will execute after 54401907ms at 2019-05-11 00:00:00.002
2019-05-10 08:53:18,096 INFO 7848 [Timer] C:\Users\Administrator\Desktop\shop\server\node_modules\_egg-logrotator@3.1.0@egg-logrotator\app\schedule\rotate_by_file.js next time will execute after 54402904ms at 2019-05-11 00:00:01.000
2019-07-01 09:48:44,453 INFO 6592 [Timer] C:\Users\Administrator\Desktop\vue商城项目\server\node_modules\egg-multipart\app\schedule\clean_tmpdir.js next time will execute after 67275550ms at 2019-07-02 04:30:00.003
2019-07-01 09:48:44,453 INFO 6592 [Timer] C:\Users\Administrator\Desktop\vue商城项目\server\node_modules\egg-logrotator\app\schedule\clean_log.js next time will execute after 51075547ms at 2019-07-02 00:00:00.000
2019-07-01 09:48:44,453 INFO 6592 [Timer] C:\Users\Administrator\Desktop\vue商城项目\server\node_modules\egg-logrotator\app\schedule\rotate_by_file.js next time will execute after 51076547ms at 2019-07-02 00:00:01.000
2019-07-01 09:48:43,807 INFO 404 [egg-schedule]: register schedule C:\Users\Administrator\Desktop\vue商城项目\server\node_modules\egg-multipart\app\schedule\clean_tmpdir.js
2019-07-01 09:48:43,807 INFO 404 [egg-schedule]: register schedule C:\Users\Administrator\Desktop\vue商城项目\server\node_modules\egg-logrotator\app\schedule\clean_log.js
2019-07-01 09:48:43,807 INFO 404 [egg-schedule]: register schedule C:\Users\Administrator\Desktop\vue商城项目\server\node_modules\egg-logrotator\app\schedule\rotate_by_file.js
2019-07-03 14:42:37,687 INFO 9404 [egg-schedule]: register schedule C:\Users\Administrator\Desktop\vue商城项目\server\node_modules\egg-multipart\app\schedule\clean_tmpdir.js
2019-07-03 14:42:37,687 INFO 9404 [egg-schedule]: register schedule C:\Users\Administrator\Desktop\vue商城项目\server\node_modules\egg-logrotator\app\schedule\clean_log.js
2019-07-03 14:42:37,687 INFO 9404 [egg-schedule]: register schedule C:\Users\Administrator\Desktop\vue商城项目\server\node_modules\egg-logrotator\app\schedule\rotate_by_file.js
2019-07-03 14:42:38,972 INFO 7312 [Timer] C:\Users\Administrator\Desktop\vue商城项目\server\node_modules\egg-multipart\app\schedule\clean_tmpdir.js next time will execute after 49641031ms at 2019-07-04 04:30:00.003
2019-07-03 14:42:38,973 INFO 7312 [Timer] C:\Users\Administrator\Desktop\vue商城项目\server\node_modules\egg-logrotator\app\schedule\clean_log.js next time will execute after 33441027ms at 2019-07-04 00:00:00.000
2019-07-03 14:42:38,973 INFO 7312 [Timer] C:\Users\Administrator\Desktop\vue商城项目\server\node_modules\egg-logrotator\app\schedule\rotate_by_file.js next time will execute after 33442027ms at 2019-07-04 00:00:01.000
2019-07-03 15:24:23,579 INFO 10252 [egg-schedule]: register schedule C:\Users\Administrator\Desktop\vue商城项目\server\node_modules\egg-multipart\app\schedule\clean_tmpdir.js
2019-07-03 15:24:23,579 INFO 10252 [egg-schedule]: register schedule C:\Users\Administrator\Desktop\vue商城项目\server\node_modules\egg-logrotator\app\schedule\clean_log.js
2019-07-03 15:24:23,579 INFO 10252 [egg-schedule]: register schedule C:\Users\Administrator\Desktop\vue商城项目\server\node_modules\egg-logrotator\app\schedule\rotate_by_file.js
2019-07-03 15:24:24,757 INFO 6160 [Timer] C:\Users\Administrator\Desktop\vue商城项目\server\node_modules\egg-multipart\app\schedule\clean_tmpdir.js next time will execute after 47135246ms at 2019-07-04 04:30:00.003
2019-07-03 15:24:24,758 INFO 6160 [Timer] C:\Users\Administrator\Desktop\vue商城项目\server\node_modules\egg-logrotator\app\schedule\clean_log.js next time will execute after 30935243ms at 2019-07-04 00:00:00.001
2019-07-03 15:24:24,758 INFO 6160 [Timer] C:\Users\Administrator\Desktop\vue商城项目\server\node_modules\egg-logrotator\app\schedule\rotate_by_file.js next time will execute after 30936242ms at 2019-07-04 00:00:01.000
2019-11-04 09:08:51,751 INFO 1996 [Timer] D:\WangXinyu_projects\shoppingmall\shopping-mall\server\node_modules\_egg-multipart@2.9.0@egg-multipart\app\schedule\clean_tmpdir.js next time will execute after 69668251ms at 2019-11-05 04:30:00.002
2019-11-04 09:08:51,752 INFO 1996 [Timer] D:\WangXinyu_projects\shoppingmall\shopping-mall\server\node_modules\_egg-logrotator@3.1.0@egg-logrotator\app\schedule\clean_log.js next time will execute after 53468249ms at 2019-11-05 00:00:00.001
2019-11-04 09:08:51,752 INFO 1996 [Timer] D:\WangXinyu_projects\shoppingmall\shopping-mall\server\node_modules\_egg-logrotator@3.1.0@egg-logrotator\app\schedule\rotate_by_file.js next time will execute after 53469248ms at 2019-11-05 00:00:01.000
2019-11-04 09:08:51,056 INFO 4284 [egg-schedule]: register schedule D:\WangXinyu_projects\shoppingmall\shopping-mall\server\node_modules\_egg-multipart@2.9.0@egg-multipart\app\schedule\clean_tmpdir.js
2019-11-04 09:08:51,056 INFO 4284 [egg-schedule]: register schedule D:\WangXinyu_projects\shoppingmall\shopping-mall\server\node_modules\_egg-logrotator@3.1.0@egg-logrotator\app\schedule\clean_log.js
2019-11-04 09:08:51,056 INFO 4284 [egg-schedule]: register schedule D:\WangXinyu_projects\shoppingmall\shopping-mall\server\node_modules\_egg-logrotator@3.1.0@egg-logrotator\app\schedule\rotate_by_file.js
2019-11-04 09:09:52,218 INFO 5068 [Timer] D:\WangXinyu_projects\shoppingmall\shopping-mall\server\node_modules\_egg-multipart@2.9.0@egg-multipart\app\schedule\clean_tmpdir.js next time will execute after 69607784ms at 2019-11-05 04:30:00.002
2019-11-04 09:09:52,219 INFO 5068 [Timer] D:\WangXinyu_projects\shoppingmall\shopping-mall\server\node_modules\_egg-logrotator@3.1.0@egg-logrotator\app\schedule\clean_log.js next time will execute after 53407781ms at 2019-11-05 00:00:00.000
2019-11-04 09:09:52,219 INFO 5068 [Timer] D:\WangXinyu_projects\shoppingmall\shopping-mall\server\node_modules\_egg-logrotator@3.1.0@egg-logrotator\app\schedule\rotate_by_file.js next time will execute after 53408781ms at 2019-11-05 00:00:01.000
2019-11-04 09:09:51,506 INFO 5236 [egg-schedule]: register schedule D:\WangXinyu_projects\shoppingmall\shopping-mall\server\node_modules\_egg-multipart@2.9.0@egg-multipart\app\schedule\clean_tmpdir.js
2019-11-04 09:09:51,506 INFO 5236 [egg-schedule]: register schedule D:\WangXinyu_projects\shoppingmall\shopping-mall\server\node_modules\_egg-logrotator@3.1.0@egg-logrotator\app\schedule\clean_log.js
2019-11-04 09:09:51,506 INFO 5236 [egg-schedule]: register schedule D:\WangXinyu_projects\shoppingmall\shopping-mall\server\node_modules\_egg-logrotator@3.1.0@egg-logrotator\app\schedule\rotate_by_file.js
2019-11-04 10:33:00,007 INFO 6956 [egg-schedule]: register schedule D:\WangXinyu_projects\shoppingmall\shopping-mall\server\node_modules\_egg-multipart@2.9.0@egg-multipart\app\schedule\clean_tmpdir.js
2019-11-04 10:33:00,007 INFO 6956 [egg-schedule]: register schedule D:\WangXinyu_projects\shoppingmall\shopping-mall\server\node_modules\_egg-logrotator@3.1.0@egg-logrotator\app\schedule\clean_log.js
2019-11-04 10:33:00,007 INFO 6956 [egg-schedule]: register schedule D:\WangXinyu_projects\shoppingmall\shopping-mall\server\node_modules\_egg-logrotator@3.1.0@egg-logrotator\app\schedule\rotate_by_file.js
2019-11-04 10:33:02,708 INFO 6408 [Timer] D:\WangXinyu_projects\shoppingmall\shopping-mall\server\node_modules\_egg-multipart@2.9.0@egg-multipart\app\schedule\clean_tmpdir.js next time will execute after 64617296ms at 2019-11-05 04:30:00.004
2019-11-04 10:33:02,709 INFO 6408 [Timer] D:\WangXinyu_projects\shoppingmall\shopping-mall\server\node_modules\_egg-logrotator@3.1.0@egg-logrotator\app\schedule\clean_log.js next time will execute after 48417291ms at 2019-11-05 00:00:00.000
2019-11-04 10:33:02,709 INFO 6408 [Timer] D:\WangXinyu_projects\shoppingmall\shopping-mall\server\node_modules\_egg-logrotator@3.1.0@egg-logrotator\app\schedule\rotate_by_file.js next time will execute after 48418291ms at 2019-11-05 00:00:01.000
2019-11-05 08:17:34,921 INFO 4584 [egg-schedule]: register schedule D:\WangXinyu_projects\shoppingmall\shopping-mall\server\node_modules\_egg-multipart@2.9.0@egg-multipart\app\schedule\clean_tmpdir.js
2019-11-05 08:17:34,922 INFO 4584 [egg-schedule]: register schedule D:\WangXinyu_projects\shoppingmall\shopping-mall\server\node_modules\_egg-logrotator@3.1.0@egg-logrotator\app\schedule\clean_log.js
2019-11-05 08:17:34,922 INFO 4584 [egg-schedule]: register schedule D:\WangXinyu_projects\shoppingmall\shopping-mall\server\node_modules\_egg-logrotator@3.1.0@egg-logrotator\app\schedule\rotate_by_file.js
2019-11-05 08:17:36,297 INFO 4492 [Timer] D:\WangXinyu_projects\shoppingmall\shopping-mall\server\node_modules\_egg-multipart@2.9.0@egg-multipart\app\schedule\clean_tmpdir.js next time will execute after 72743705ms at 2019-11-06 04:30:00.002
2019-11-05 08:17:36,298 INFO 4492 [Timer] D:\WangXinyu_projects\shoppingmall\shopping-mall\server\node_modules\_egg-logrotator@3.1.0@egg-logrotator\app\schedule\clean_log.js next time will execute after 56543702ms at 2019-11-06 00:00:00.000
2019-11-05 08:17:36,298 INFO 4492 [Timer] D:\WangXinyu_projects\shoppingmall\shopping-mall\server\node_modules\_egg-logrotator@3.1.0@egg-logrotator\app\schedule\rotate_by_file.js next time will execute after 56544702ms at 2019-11-06 00:00:01.000
2019-11-05 17:16:03,934 INFO 4264 [egg-schedule]: register schedule D:\WangXinyu_projects\shoppingmall\shopping-mall\server\node_modules\_egg-multipart@2.9.0@egg-multipart\app\schedule\clean_tmpdir.js
2019-11-05 17:16:03,934 INFO 4264 [egg-schedule]: register schedule D:\WangXinyu_projects\shoppingmall\shopping-mall\server\node_modules\_egg-logrotator@3.1.0@egg-logrotator\app\schedule\clean_log.js
2019-11-05 17:16:03,934 INFO 4264 [egg-schedule]: register schedule D:\WangXinyu_projects\shoppingmall\shopping-mall\server\node_modules\_egg-logrotator@3.1.0@egg-logrotator\app\schedule\rotate_by_file.js
2019-11-05 17:16:06,220 INFO 4192 [Timer] D:\WangXinyu_projects\shoppingmall\shopping-mall\server\node_modules\_egg-multipart@2.9.0@egg-multipart\app\schedule\clean_tmpdir.js next time will execute after 40433783ms at 2019-11-06 04:30:00.003
2019-11-05 17:16:06,220 INFO 4192 [Timer] D:\WangXinyu_projects\shoppingmall\shopping-mall\server\node_modules\_egg-logrotator@3.1.0@egg-logrotator\app\schedule\clean_log.js next time will execute after 24233780ms at 2019-11-06 00:00:00.000
2019-11-05 17:16:06,220 INFO 4192 [Timer] D:\WangXinyu_projects\shoppingmall\shopping-mall\server\node_modules\_egg-logrotator@3.1.0@egg-logrotator\app\schedule\rotate_by_file.js next time will execute after 24234780ms at 2019-11-06 00:00:01.000
2019-11-06 08:26:07,309 INFO 4024 [egg-schedule]: register schedule D:\WangXinyu_projects\shoppingmall\shopping-mall\server\node_modules\_egg-multipart@2.9.0@egg-multipart\app\schedule\clean_tmpdir.js
2019-11-06 08:26:07,309 INFO 4024 [egg-schedule]: register schedule D:\WangXinyu_projects\shoppingmall\shopping-mall\server\node_modules\_egg-logrotator@3.1.0@egg-logrotator\app\schedule\clean_log.js
2019-11-06 08:26:07,309 INFO 4024 [egg-schedule]: register schedule D:\WangXinyu_projects\shoppingmall\shopping-mall\server\node_modules\_egg-logrotator@3.1.0@egg-logrotator\app\schedule\rotate_by_file.js
2019-11-06 08:26:09,507 INFO 892 [Timer] D:\WangXinyu_projects\shoppingmall\shopping-mall\server\node_modules\_egg-multipart@2.9.0@egg-multipart\app\schedule\clean_tmpdir.js next time will execute after 72230496ms at 2019-11-07 04:30:00.003
2019-11-06 08:26:09,507 INFO 892 [Timer] D:\WangXinyu_projects\shoppingmall\shopping-mall\server\node_modules\_egg-logrotator@3.1.0@egg-logrotator\app\schedule\clean_log.js next time will execute after 56030493ms at 2019-11-07 00:00:00.000
2019-11-06 08:26:09,507 INFO 892 [Timer] D:\WangXinyu_projects\shoppingmall\shopping-mall\server\node_modules\_egg-logrotator@3.1.0@egg-logrotator\app\schedule\rotate_by_file.js next time will execute after 56031493ms at 2019-11-07 00:00:01.000
2019-11-07 08:40:05,375 INFO 5956 [egg-schedule]: register schedule D:\WangXinyu_projects\shoppingmall\shopping-mall\server\node_modules\_egg-multipart@2.9.0@egg-multipart\app\schedule\clean_tmpdir.js
2019-11-07 08:40:05,375 INFO 5956 [egg-schedule]: register schedule D:\WangXinyu_projects\shoppingmall\shopping-mall\server\node_modules\_egg-logrotator@3.1.0@egg-logrotator\app\schedule\clean_log.js
2019-11-07 08:40:05,375 INFO 5956 [egg-schedule]: register schedule D:\WangXinyu_projects\shoppingmall\shopping-mall\server\node_modules\_egg-logrotator@3.1.0@egg-logrotator\app\schedule\rotate_by_file.js
2019-11-07 08:40:06,552 INFO 5456 [Timer] D:\WangXinyu_projects\shoppingmall\shopping-mall\server\node_modules\_egg-multipart@2.9.0@egg-multipart\app\schedule\clean_tmpdir.js next time will execute after 71393450ms at 2019-11-08 04:30:00.002
2019-11-07 08:40:06,552 INFO 5456 [Timer] D:\WangXinyu_projects\shoppingmall\shopping-mall\server\node_modules\_egg-logrotator@3.1.0@egg-logrotator\app\schedule\clean_log.js next time will execute after 55193448ms at 2019-11-08 00:00:00.000
2019-11-07 08:40:06,553 INFO 5456 [Timer] D:\WangXinyu_projects\shoppingmall\shopping-mall\server\node_modules\_egg-logrotator@3.1.0@egg-logrotator\app\schedule\rotate_by_file.js next time will execute after 55194448ms at 2019-11-08 00:00:01.001
2019-11-08 08:39:11,673 INFO 2232 [egg-schedule]: register schedule D:\WangXinyu_projects\shoppingmall\shopping-mall\server\node_modules\_egg-multipart@2.9.0@egg-multipart\app\schedule\clean_tmpdir.js
2019-11-08 08:39:11,673 INFO 2232 [egg-schedule]: register schedule D:\WangXinyu_projects\shoppingmall\shopping-mall\server\node_modules\_egg-logrotator@3.1.0@egg-logrotator\app\schedule\clean_log.js
2019-11-08 08:39:11,673 INFO 2232 [egg-schedule]: register schedule D:\WangXinyu_projects\shoppingmall\shopping-mall\server\node_modules\_egg-logrotator@3.1.0@egg-logrotator\app\schedule\rotate_by_file.js
2019-11-08 08:39:15,498 INFO 2656 [Timer] D:\WangXinyu_projects\shoppingmall\shopping-mall\server\node_modules\_egg-multipart@2.9.0@egg-multipart\app\schedule\clean_tmpdir.js next time will execute after 71444507ms at 2019-11-09 04:30:00.005
2019-11-08 08:39:15,499 INFO 2656 [Timer] D:\WangXinyu_projects\shoppingmall\shopping-mall\server\node_modules\_egg-logrotator@3.1.0@egg-logrotator\app\schedule\clean_log.js next time will execute after 55244502ms at 2019-11-09 00:00:00.001
2019-11-08 08:39:15,499 INFO 2656 [Timer] D:\WangXinyu_projects\shoppingmall\shopping-mall\server\node_modules\_egg-logrotator@3.1.0@egg-logrotator\app\schedule\rotate_by_file.js next time will execute after 55245501ms at 2019-11-09 00:00:01.000
2019-11-08 09:09:02,323 INFO 9276 [egg-schedule]: register schedule D:\WangXinyu_projects\shoppingmall\shopping-mall\server\node_modules\_egg-multipart@2.9.0@egg-multipart\app\schedule\clean_tmpdir.js
2019-11-08 09:09:02,323 INFO 9276 [egg-schedule]: register schedule D:\WangXinyu_projects\shoppingmall\shopping-mall\server\node_modules\_egg-logrotator@3.1.0@egg-logrotator\app\schedule\clean_log.js
2019-11-08 09:09:02,323 INFO 9276 [egg-schedule]: register schedule D:\WangXinyu_projects\shoppingmall\shopping-mall\server\node_modules\_egg-logrotator@3.1.0@egg-logrotator\app\schedule\rotate_by_file.js
2019-11-08 09:09:04,677 INFO 10776 [Timer] D:\WangXinyu_projects\shoppingmall\shopping-mall\server\node_modules\_egg-multipart@2.9.0@egg-multipart\app\schedule\clean_tmpdir.js next time will execute after 69655327ms at 2019-11-09 04:30:00.004
2019-11-08 09:09:04,678 INFO 10776 [Timer] D:\WangXinyu_projects\shoppingmall\shopping-mall\server\node_modules\_egg-logrotator@3.1.0@egg-logrotator\app\schedule\clean_log.js next time will execute after 53455323ms at 2019-11-09 00:00:00.001
2019-11-08 09:09:04,678 INFO 10776 [Timer] D:\WangXinyu_projects\shoppingmall\shopping-mall\server\node_modules\_egg-logrotator@3.1.0@egg-logrotator\app\schedule\rotate_by_file.js next time will execute after 53456322ms at 2019-11-09 00:00:01.000
2019-11-08 09:19:35,650 INFO 8696 [egg-schedule]: register schedule D:\WangXinyu_projects\shoppingmall\shopping-mall\server\node_modules\_egg-multipart@2.9.0@egg-multipart\app\schedule\clean_tmpdir.js
2019-11-08 09:19:35,650 INFO 8696 [egg-schedule]: register schedule D:\WangXinyu_projects\shoppingmall\shopping-mall\server\node_modules\_egg-logrotator@3.1.0@egg-logrotator\app\schedule\clean_log.js
2019-11-08 09:19:35,650 INFO 8696 [egg-schedule]: register schedule D:\WangXinyu_projects\shoppingmall\shopping-mall\server\node_modules\_egg-logrotator@3.1.0@egg-logrotator\app\schedule\rotate_by_file.js
2019-11-08 09:19:36,688 INFO 10568 [Timer] D:\WangXinyu_projects\shoppingmall\shopping-mall\server\node_modules\_egg-multipart@2.9.0@egg-multipart\app\schedule\clean_tmpdir.js next time will execute after 69023315ms at 2019-11-09 04:30:00.003
2019-11-08 09:19:36,688 INFO 10568 [Timer] D:\WangXinyu_projects\shoppingmall\shopping-mall\server\node_modules\_egg-logrotator@3.1.0@egg-logrotator\app\schedule\clean_log.js next time will execute after 52823312ms at 2019-11-09 00:00:00.000
2019-11-08 09:19:36,688 INFO 10568 [Timer] D:\WangXinyu_projects\shoppingmall\shopping-mall\server\node_modules\_egg-logrotator@3.1.0@egg-logrotator\app\schedule\rotate_by_file.js next time will execute after 52824312ms at 2019-11-09 00:00:01.000
2019-11-08 09:26:44,489 INFO 4344 [egg-schedule]: register schedule D:\WangXinyu_projects\shoppingmall\shopping-mall\server\node_modules\_egg-multipart@2.9.0@egg-multipart\app\schedule\clean_tmpdir.js
2019-11-08 09:26:44,489 INFO 4344 [egg-schedule]: register schedule D:\WangXinyu_projects\shoppingmall\shopping-mall\server\node_modules\_egg-logrotator@3.1.0@egg-logrotator\app\schedule\clean_log.js
2019-11-08 09:26:44,489 INFO 4344 [egg-schedule]: register schedule D:\WangXinyu_projects\shoppingmall\shopping-mall\server\node_modules\_egg-logrotator@3.1.0@egg-logrotator\app\schedule\rotate_by_file.js
2019-11-08 09:26:46,098 INFO 5472 [Timer] D:\WangXinyu_projects\shoppingmall\shopping-mall\server\node_modules\_egg-multipart@2.9.0@egg-multipart\app\schedule\clean_tmpdir.js next time will execute after 68593905ms at 2019-11-09 04:30:00.003
2019-11-08 09:26:46,099 INFO 5472 [Timer] D:\WangXinyu_projects\shoppingmall\shopping-mall\server\node_modules\_egg-logrotator@3.1.0@egg-logrotator\app\schedule\clean_log.js next time will execute after 52393902ms at 2019-11-09 00:00:00.001
2019-11-08 09:26:46,099 INFO 5472 [Timer] D:\WangXinyu_projects\shoppingmall\shopping-mall\server\node_modules\_egg-logrotator@3.1.0@egg-logrotator\app\schedule\rotate_by_file.js next time will execute after 52394901ms at 2019-11-09 00:00:01.000
2019-11-08 09:48:03,561 INFO 8564 [egg-schedule]: register schedule D:\WangXinyu_projects\shoppingmall\shopping-mall\server\node_modules\_egg-multipart@2.9.0@egg-multipart\app\schedule\clean_tmpdir.js
2019-11-08 09:48:03,561 INFO 8564 [egg-schedule]: register schedule D:\WangXinyu_projects\shoppingmall\shopping-mall\server\node_modules\_egg-logrotator@3.1.0@egg-logrotator\app\schedule\clean_log.js
2019-11-08 09:48:03,561 INFO 8564 [egg-schedule]: register schedule D:\WangXinyu_projects\shoppingmall\shopping-mall\server\node_modules\_egg-logrotator@3.1.0@egg-logrotator\app\schedule\rotate_by_file.js
2019-11-08 09:48:04,612 INFO 8488 [Timer] D:\WangXinyu_projects\shoppingmall\shopping-mall\server\node_modules\_egg-multipart@2.9.0@egg-multipart\app\schedule\clean_tmpdir.js next time will execute after 67315391ms at 2019-11-09 04:30:00.003
2019-11-08 09:48:04,612 INFO 8488 [Timer] D:\WangXinyu_projects\shoppingmall\shopping-mall\server\node_modules\_egg-logrotator@3.1.0@egg-logrotator\app\schedule\clean_log.js next time will execute after 51115388ms at 2019-11-09 00:00:00.000
2019-11-08 09:48:04,612 INFO 8488 [Timer] D:\WangXinyu_projects\shoppingmall\shopping-mall\server\node_modules\_egg-logrotator@3.1.0@egg-logrotator\app\schedule\rotate_by_file.js next time will execute after 51116388ms at 2019-11-09 00:00:01.000
2019-11-08 11:42:11,606 INFO 9016 [egg-schedule]: register schedule D:\WangXinyu_projects\shoppingmall\shopping-mall\server\node_modules\_egg-multipart@2.9.0@egg-multipart\app\schedule\clean_tmpdir.js
2019-11-08 11:42:11,606 INFO 9016 [egg-schedule]: register schedule D:\WangXinyu_projects\shoppingmall\shopping-mall\server\node_modules\_egg-logrotator@3.1.0@egg-logrotator\app\schedule\clean_log.js
2019-11-08 11:42:11,606 INFO 9016 [egg-schedule]: register schedule D:\WangXinyu_projects\shoppingmall\shopping-mall\server\node_modules\_egg-logrotator@3.1.0@egg-logrotator\app\schedule\rotate_by_file.js
2019-11-08 11:42:13,199 INFO 15672 [Timer] D:\WangXinyu_projects\shoppingmall\shopping-mall\server\node_modules\_egg-multipart@2.9.0@egg-multipart\app\schedule\clean_tmpdir.js next time will execute after 60466803ms at 2019-11-09 04:30:00.002
2019-11-08 11:42:13,200 INFO 15672 [Timer] D:\WangXinyu_projects\shoppingmall\shopping-mall\server\node_modules\_egg-logrotator@3.1.0@egg-logrotator\app\schedule\clean_log.js next time will execute after 44266801ms at 2019-11-09 00:00:00.001
2019-11-08 11:42:13,200 INFO 15672 [Timer] D:\WangXinyu_projects\shoppingmall\shopping-mall\server\node_modules\_egg-logrotator@3.1.0@egg-logrotator\app\schedule\rotate_by_file.js next time will execute after 44267800ms at 2019-11-09 00:00:01.000
2019-11-09 08:30:46,296 INFO 4072 [egg-schedule]: register schedule D:\WangXinyu_projects\shoppingmall\shopping-mall\server\node_modules\_egg-multipart@2.9.0@egg-multipart\app\schedule\clean_tmpdir.js
2019-11-09 08:30:46,296 INFO 4072 [egg-schedule]: register schedule D:\WangXinyu_projects\shoppingmall\shopping-mall\server\node_modules\_egg-logrotator@3.1.0@egg-logrotator\app\schedule\clean_log.js
2019-11-09 08:30:46,296 INFO 4072 [egg-schedule]: register schedule D:\WangXinyu_projects\shoppingmall\shopping-mall\server\node_modules\_egg-logrotator@3.1.0@egg-logrotator\app\schedule\rotate_by_file.js
2019-11-09 08:30:47,724 INFO 1316 [Timer] D:\WangXinyu_projects\shoppingmall\shopping-mall\server\node_modules\_egg-multipart@2.9.0@egg-multipart\app\schedule\clean_tmpdir.js next time will execute after 71952279ms at 2019-11-10 04:30:00.003
2019-11-09 08:30:47,724 INFO 1316 [Timer] D:\WangXinyu_projects\shoppingmall\shopping-mall\server\node_modules\_egg-logrotator@3.1.0@egg-logrotator\app\schedule\clean_log.js next time will execute after 55752276ms at 2019-11-10 00:00:00.000
2019-11-09 08:30:47,725 INFO 1316 [Timer] D:\WangXinyu_projects\shoppingmall\shopping-mall\server\node_modules\_egg-logrotator@3.1.0@egg-logrotator\app\schedule\rotate_by_file.js next time will execute after 55753276ms at 2019-11-10 00:00:01.001
2019-11-11 08:33:16,573 INFO 5416 [egg-schedule]: register schedule D:\WangXinyu_projects\shoppingmall\shopping-mall\server\node_modules\_egg-multipart@2.9.0@egg-multipart\app\schedule\clean_tmpdir.js
2019-11-11 08:33:16,573 INFO 5416 [egg-schedule]: register schedule D:\WangXinyu_projects\shoppingmall\shopping-mall\server\node_modules\_egg-logrotator@3.1.0@egg-logrotator\app\schedule\clean_log.js
2019-11-11 08:33:16,573 INFO 5416 [egg-schedule]: register schedule D:\WangXinyu_projects\shoppingmall\shopping-mall\server\node_modules\_egg-logrotator@3.1.0@egg-logrotator\app\schedule\rotate_by_file.js
2019-11-11 08:33:17,604 INFO 4588 [Timer] D:\WangXinyu_projects\shoppingmall\shopping-mall\server\node_modules\_egg-multipart@2.9.0@egg-multipart\app\schedule\clean_tmpdir.js next time will execute after 71802398ms at 2019-11-12 04:30:00.002
2019-11-11 08:33:17,604 INFO 4588 [Timer] D:\WangXinyu_projects\shoppingmall\shopping-mall\server\node_modules\_egg-logrotator@3.1.0@egg-logrotator\app\schedule\clean_log.js next time will execute after 55602396ms at 2019-11-12 00:00:00.000
2019-11-11 08:33:17,605 INFO 4588 [Timer] D:\WangXinyu_projects\shoppingmall\shopping-mall\server\node_modules\_egg-logrotator@3.1.0@egg-logrotator\app\schedule\rotate_by_file.js next time will execute after 55603396ms at 2019-11-12 00:00:01.001
2019-11-11 13:40:15,522 INFO 456 [egg-schedule]: register schedule D:\WangXinyu_projects\shoppingmall\shopping-mall\server\node_modules\_egg-multipart@2.9.0@egg-multipart\app\schedule\clean_tmpdir.js
2019-11-11 13:40:15,522 INFO 456 [egg-schedule]: register schedule D:\WangXinyu_projects\shoppingmall\shopping-mall\server\node_modules\_egg-logrotator@3.1.0@egg-logrotator\app\schedule\clean_log.js
2019-11-11 13:40:15,522 INFO 456 [egg-schedule]: register schedule D:\WangXinyu_projects\shoppingmall\shopping-mall\server\node_modules\_egg-logrotator@3.1.0@egg-logrotator\app\schedule\rotate_by_file.js
2019-11-11 13:40:16,571 INFO 5748 [Timer] D:\WangXinyu_projects\shoppingmall\shopping-mall\server\node_modules\_egg-multipart@2.9.0@egg-multipart\app\schedule\clean_tmpdir.js next time will execute after 53383431ms at 2019-11-12 04:30:00.002
2019-11-11 13:40:16,571 INFO 5748 [Timer] D:\WangXinyu_projects\shoppingmall\shopping-mall\server\node_modules\_egg-logrotator@3.1.0@egg-logrotator\app\schedule\clean_log.js next time will execute after 37183429ms at 2019-11-12 00:00:00.000
2019-11-11 13:40:16,571 INFO 5748 [Timer] D:\WangXinyu_projects\shoppingmall\shopping-mall\server\node_modules\_egg-logrotator@3.1.0@egg-logrotator\app\schedule\rotate_by_file.js next time will execute after 37184429ms at 2019-11-12 00:00:01.000
2019-11-12 08:26:06,628 INFO 5432 [egg-schedule]: register schedule D:\WangXinyu_projects\shoppingmall\shopping-mall\server\node_modules\_egg-multipart@2.9.0@egg-multipart\app\schedule\clean_tmpdir.js
2019-11-12 08:26:06,628 INFO 5432 [egg-schedule]: register schedule D:\WangXinyu_projects\shoppingmall\shopping-mall\server\node_modules\_egg-logrotator@3.1.0@egg-logrotator\app\schedule\clean_log.js
2019-11-12 08:26:06,628 INFO 5432 [egg-schedule]: register schedule D:\WangXinyu_projects\shoppingmall\shopping-mall\server\node_modules\_egg-logrotator@3.1.0@egg-logrotator\app\schedule\rotate_by_file.js
2019-11-12 08:26:07,623 INFO 3116 [Timer] D:\WangXinyu_projects\shoppingmall\shopping-mall\server\node_modules\_egg-multipart@2.9.0@egg-multipart\app\schedule\clean_tmpdir.js next time will execute after 72232379ms at 2019-11-13 04:30:00.002
2019-11-12 08:26:07,623 INFO 3116 [Timer] D:\WangXinyu_projects\shoppingmall\shopping-mall\server\node_modules\_egg-logrotator@3.1.0@egg-logrotator\app\schedule\clean_log.js next time will execute after 56032377ms at 2019-11-13 00:00:00.000
2019-11-12 08:26:07,624 INFO 3116 [Timer] D:\WangXinyu_projects\shoppingmall\shopping-mall\server\node_modules\_egg-logrotator@3.1.0@egg-logrotator\app\schedule\rotate_by_file.js next time will execute after 56033377ms at 2019-11-13 00:00:01.001
2019-11-12 08:56:40,561 INFO 7852 [egg-schedule]: register schedule D:\WangXinyu_projects\shoppingmall\shopping-mall\server\node_modules\_egg-multipart@2.9.0@egg-multipart\app\schedule\clean_tmpdir.js
2019-11-12 08:56:40,561 INFO 7852 [egg-schedule]: register schedule D:\WangXinyu_projects\shoppingmall\shopping-mall\server\node_modules\_egg-logrotator@3.1.0@egg-logrotator\app\schedule\clean_log.js
2019-11-12 08:56:40,561 INFO 7852 [egg-schedule]: register schedule D:\WangXinyu_projects\shoppingmall\shopping-mall\server\node_modules\_egg-logrotator@3.1.0@egg-logrotator\app\schedule\rotate_by_file.js
2019-11-12 08:56:41,444 INFO 7788 [Timer] D:\WangXinyu_projects\shoppingmall\shopping-mall\server\node_modules\_egg-multipart@2.9.0@egg-multipart\app\schedule\clean_tmpdir.js next time will execute after 70398558ms at 2019-11-13 04:30:00.002
2019-11-12 08:56:41,444 INFO 7788 [Timer] D:\WangXinyu_projects\shoppingmall\shopping-mall\server\node_modules\_egg-logrotator@3.1.0@egg-logrotator\app\schedule\clean_log.js next time will execute after 54198556ms at 2019-11-13 00:00:00.000
2019-11-12 08:56:41,445 INFO 7788 [Timer] D:\WangXinyu_projects\shoppingmall\shopping-mall\server\node_modules\_egg-logrotator@3.1.0@egg-logrotator\app\schedule\rotate_by_file.js next time will execute after 54199556ms at 2019-11-13 00:00:01.001
2019-11-12 11:04:53,547 INFO 3256 [egg-schedule]: register schedule D:\WangXinyu_projects\shoppingmall\shopping-mall\server\node_modules\_egg-multipart@2.9.0@egg-multipart\app\schedule\clean_tmpdir.js
2019-11-12 11:04:53,547 INFO 3256 [egg-schedule]: register schedule D:\WangXinyu_projects\shoppingmall\shopping-mall\server\node_modules\_egg-logrotator@3.1.0@egg-logrotator\app\schedule\clean_log.js
2019-11-12 11:04:53,547 INFO 3256 [egg-schedule]: register schedule D:\WangXinyu_projects\shoppingmall\shopping-mall\server\node_modules\_egg-logrotator@3.1.0@egg-logrotator\app\schedule\rotate_by_file.js
2019-11-12 11:04:54,593 INFO 8344 [Timer] D:\WangXinyu_projects\shoppingmall\shopping-mall\server\node_modules\_egg-multipart@2.9.0@egg-multipart\app\schedule\clean_tmpdir.js next time will execute after 62705410ms at 2019-11-13 04:30:00.003
2019-11-12 11:04:54,593 INFO 8344 [Timer] D:\WangXinyu_projects\shoppingmall\shopping-mall\server\node_modules\_egg-logrotator@3.1.0@egg-logrotator\app\schedule\clean_log.js next time will execute after 46505407ms at 2019-11-13 00:00:00.000
2019-11-12 11:04:54,593 INFO 8344 [Timer] D:\WangXinyu_projects\shoppingmall\shopping-mall\server\node_modules\_egg-logrotator@3.1.0@egg-logrotator\app\schedule\rotate_by_file.js next time will execute after 46506407ms at 2019-11-13 00:00:01.000
2019-11-13 08:30:43,103 INFO 4432 [egg-schedule]: register schedule D:\WangXinyu_projects\shoppingmall\shopping-mall\server\node_modules\_egg-multipart@2.9.0@egg-multipart\app\schedule\clean_tmpdir.js
2019-11-13 08:30:43,103 INFO 4432 [egg-schedule]: register schedule D:\WangXinyu_projects\shoppingmall\shopping-mall\server\node_modules\_egg-logrotator@3.1.0@egg-logrotator\app\schedule\clean_log.js
2019-11-13 08:30:43,103 INFO 4432 [egg-schedule]: register schedule D:\WangXinyu_projects\shoppingmall\shopping-mall\server\node_modules\_egg-logrotator@3.1.0@egg-logrotator\app\schedule\rotate_by_file.js
2019-11-13 08:30:44,175 INFO 2720 [Timer] D:\WangXinyu_projects\shoppingmall\shopping-mall\server\node_modules\_egg-multipart@2.9.0@egg-multipart\app\schedule\clean_tmpdir.js next time will execute after 71955827ms at 2019-11-14 04:30:00.002
2019-11-13 08:30:44,176 INFO 2720 [Timer] D:\WangXinyu_projects\shoppingmall\shopping-mall\server\node_modules\_egg-logrotator@3.1.0@egg-logrotator\app\schedule\clean_log.js next time will execute after 55755825ms at 2019-11-14 00:00:00.001
2019-11-13 08:30:44,176 INFO 2720 [Timer] D:\WangXinyu_projects\shoppingmall\shopping-mall\server\node_modules\_egg-logrotator@3.1.0@egg-logrotator\app\schedule\rotate_by_file.js next time will execute after 55756824ms at 2019-11-14 00:00:01.000
2019-11-13 18:33:14,108 INFO 26024 [egg-schedule]: register schedule D:\WangXinyu_projects\shoppingmall\shopping-mall\server\node_modules\_egg-multipart@2.9.0@egg-multipart\app\schedule\clean_tmpdir.js
2019-11-13 18:33:14,108 INFO 26024 [egg-schedule]: register schedule D:\WangXinyu_projects\shoppingmall\shopping-mall\server\node_modules\_egg-logrotator@3.1.0@egg-logrotator\app\schedule\clean_log.js
2019-11-13 18:33:14,108 INFO 26024 [egg-schedule]: register schedule D:\WangXinyu_projects\shoppingmall\shopping-mall\server\node_modules\_egg-logrotator@3.1.0@egg-logrotator\app\schedule\rotate_by_file.js
2019-11-13 18:33:15,124 INFO 26252 [Timer] D:\WangXinyu_projects\shoppingmall\shopping-mall\server\node_modules\_egg-multipart@2.9.0@egg-multipart\app\schedule\clean_tmpdir.js next time will execute after 35804878ms at 2019-11-14 04:30:00.001
2019-11-13 18:33:15,124 INFO 26252 [Timer] D:\WangXinyu_projects\shoppingmall\shopping-mall\server\node_modules\_egg-logrotator@3.1.0@egg-logrotator\app\schedule\clean_log.js next time will execute after 19604876ms at 2019-11-14 00:00:00.000
2019-11-13 18:33:15,124 INFO 26252 [Timer] D:\WangXinyu_projects\shoppingmall\shopping-mall\server\node_modules\_egg-logrotator@3.1.0@egg-logrotator\app\schedule\rotate_by_file.js next time will execute after 19605876ms at 2019-11-14 00:00:01.000
2019-11-14 08:16:04,435 INFO 228 [egg-schedule]: register schedule D:\WangXinyu_projects\shoppingmall\shopping-mall\server\node_modules\_egg-multipart@2.9.0@egg-multipart\app\schedule\clean_tmpdir.js
2019-11-14 08:16:04,435 INFO 228 [egg-schedule]: register schedule D:\WangXinyu_projects\shoppingmall\shopping-mall\server\node_modules\_egg-logrotator@3.1.0@egg-logrotator\app\schedule\clean_log.js
2019-11-14 08:16:04,435 INFO 228 [egg-schedule]: register schedule D:\WangXinyu_projects\shoppingmall\shopping-mall\server\node_modules\_egg-logrotator@3.1.0@egg-logrotator\app\schedule\rotate_by_file.js
2019-11-14 08:16:05,527 INFO 492 [Timer] D:\WangXinyu_projects\shoppingmall\shopping-mall\server\node_modules\_egg-multipart@2.9.0@egg-multipart\app\schedule\clean_tmpdir.js next time will execute after 72834475ms at 2019-11-15 04:30:00.002
2019-11-14 08:16:05,528 INFO 492 [Timer] D:\WangXinyu_projects\shoppingmall\shopping-mall\server\node_modules\_egg-logrotator@3.1.0@egg-logrotator\app\schedule\clean_log.js next time will execute after 56634473ms at 2019-11-15 00:00:00.001
2019-11-14 08:16:05,528 INFO 492 [Timer] D:\WangXinyu_projects\shoppingmall\shopping-mall\server\node_modules\_egg-logrotator@3.1.0@egg-logrotator\app\schedule\rotate_by_file.js next time will execute after 56635472ms at 2019-11-15 00:00:01.000
2019-11-15 08:21:02,923 INFO 5400 [egg-schedule]: register schedule D:\WangXinyu_projects\shoppingmall\shopping-mall\server\node_modules\_egg-multipart@2.9.0@egg-multipart\app\schedule\clean_tmpdir.js
2019-11-15 08:21:02,923 INFO 5400 [egg-schedule]: register schedule D:\WangXinyu_projects\shoppingmall\shopping-mall\server\node_modules\_egg-logrotator@3.1.0@egg-logrotator\app\schedule\clean_log.js
2019-11-15 08:21:02,923 INFO 5400 [egg-schedule]: register schedule D:\WangXinyu_projects\shoppingmall\shopping-mall\server\node_modules\_egg-logrotator@3.1.0@egg-logrotator\app\schedule\rotate_by_file.js
2019-11-15 08:21:03,916 INFO 6124 [Timer] D:\WangXinyu_projects\shoppingmall\shopping-mall\server\node_modules\_egg-multipart@2.9.0@egg-multipart\app\schedule\clean_tmpdir.js next time will execute after 72536086ms at 2019-11-16 04:30:00.002
2019-11-15 08:21:03,916 INFO 6124 [Timer] D:\WangXinyu_projects\shoppingmall\shopping-mall\server\node_modules\_egg-logrotator@3.1.0@egg-logrotator\app\schedule\clean_log.js next time will execute after 56336084ms at 2019-11-16 00:00:00.000
2019-11-15 08:21:03,917 INFO 6124 [Timer] D:\WangXinyu_projects\shoppingmall\shopping-mall\server\node_modules\_egg-logrotator@3.1.0@egg-logrotator\app\schedule\rotate_by_file.js next time will execute after 56337084ms at 2019-11-16 00:00:01.001
2019-11-15 13:34:03,039 INFO 4356 [egg-schedule]: register schedule D:\WangXinyu_projects\shoppingmall\shopping-mall\server\node_modules\_egg-multipart@2.9.0@egg-multipart\app\schedule\clean_tmpdir.js
2019-11-15 13:34:03,039 INFO 4356 [egg-schedule]: register schedule D:\WangXinyu_projects\shoppingmall\shopping-mall\server\node_modules\_egg-logrotator@3.1.0@egg-logrotator\app\schedule\clean_log.js
2019-11-15 13:34:03,039 INFO 4356 [egg-schedule]: register schedule D:\WangXinyu_projects\shoppingmall\shopping-mall\server\node_modules\_egg-logrotator@3.1.0@egg-logrotator\app\schedule\rotate_by_file.js
2019-11-15 13:34:04,418 INFO 4644 [Timer] D:\WangXinyu_projects\shoppingmall\shopping-mall\server\node_modules\_egg-multipart@2.9.0@egg-multipart\app\schedule\clean_tmpdir.js next time will execute after 53755584ms at 2019-11-16 04:30:00.002
2019-11-15 13:34:04,418 INFO 4644 [Timer] D:\WangXinyu_projects\shoppingmall\shopping-mall\server\node_modules\_egg-logrotator@3.1.0@egg-logrotator\app\schedule\clean_log.js next time will execute after 37555582ms at 2019-11-16 00:00:00.000
2019-11-15 13:34:04,418 INFO 4644 [Timer] D:\WangXinyu_projects\shoppingmall\shopping-mall\server\node_modules\_egg-logrotator@3.1.0@egg-logrotator\app\schedule\rotate_by_file.js next time will execute after 37556582ms at 2019-11-16 00:00:01.000
2019-11-16 08:24:15,830 INFO 3032 [egg-schedule]: register schedule D:\WangXinyu_projects\shoppingmall\shopping-mall\server\node_modules\_egg-multipart@2.9.0@egg-multipart\app\schedule\clean_tmpdir.js
2019-11-16 08:24:15,831 INFO 3032 [egg-schedule]: register schedule D:\WangXinyu_projects\shoppingmall\shopping-mall\server\node_modules\_egg-logrotator@3.1.0@egg-logrotator\app\schedule\clean_log.js
2019-11-16 08:24:15,831 INFO 3032 [egg-schedule]: register schedule D:\WangXinyu_projects\shoppingmall\shopping-mall\server\node_modules\_egg-logrotator@3.1.0@egg-logrotator\app\schedule\rotate_by_file.js
2019-11-16 08:24:16,788 INFO 2696 [Timer] D:\WangXinyu_projects\shoppingmall\shopping-mall\server\node_modules\_egg-multipart@2.9.0@egg-multipart\app\schedule\clean_tmpdir.js next time will execute after 72343214ms at 2019-11-17 04:30:00.002
2019-11-16 08:24:16,789 INFO 2696 [Timer] D:\WangXinyu_projects\shoppingmall\shopping-mall\server\node_modules\_egg-logrotator@3.1.0@egg-logrotator\app\schedule\clean_log.js next time will execute after 56143212ms at 2019-11-17 00:00:00.001
2019-11-16 08:24:16,789 INFO 2696 [Timer] D:\WangXinyu_projects\shoppingmall\shopping-mall\server\node_modules\_egg-logrotator@3.1.0@egg-logrotator\app\schedule\rotate_by_file.js next time will execute after 56144211ms at 2019-11-17 00:00:01.000
