2019-04-26 21:53:24,588 INFO 12066 [egg:logger] init all loggers with options: {"dir":"/Users/lp1/Downloads/Vue-shopping-master/egg/logs/server","encoding":"utf8","env":"local","level":"INFO","consoleLevel":"INFO","disableConsoleAfterReady":false,"outputJSON":false,"buffer":true,"appLogName":"server-web.log","coreLogName":"egg-web.log","agentLogName":"egg-agent.log","errorLogName":"common-error.log","coreLogger":{"consoleLevel":"WARN"},"allowDebugAtProd":false,"type":"application"}
2019-04-26 21:53:24,620 INFO 12066 [egg-multipart] stream mode enable
2019-04-26 21:53:24,844 INFO 12066 [egg-mongoose] connecting mongodb://127.0.0.1/shoppingMall
2019-04-26 21:53:25,038 INFO 12066 [egg-static] starting static serve /public/ -> /Users/lp1/Downloads/Vue-shopping-master/egg/app/public
2019-04-26 21:53:25,040 INFO 12066 [egg-security] use methodnoallow middleware
2019-04-26 21:53:25,040 INFO 12066 [egg-security] use noopen middleware
2019-04-26 21:53:25,041 INFO 12066 [egg-security] use nosniff middleware
2019-04-26 21:53:25,041 INFO 12066 [egg-security] use xssProtection middleware
2019-04-26 21:53:25,041 INFO 12066 [egg-security] use xframe middleware
2019-04-26 21:53:25,042 INFO 12066 [egg-security] use dta middleware
2019-04-26 21:53:25,042 INFO 12066 [egg-security] compose 6 middlewares into one security middleware
2019-04-26 21:53:25,054 INFO 12066 [egg:core] dump config after load, 4ms
2019-04-26 21:53:25,056 INFO 12066 [egg-mongoose] starting...
2019-04-26 21:53:25,103 INFO 12066 [egg-watcher:application] watcher start success
2019-04-26 21:53:25,106 INFO 12066 [egg-mongoose] mongodb://127.0.0.1/shoppingMall connected successfully
2019-04-26 21:53:25,113 INFO 12066 [egg-mongoose] instance[0] start successfully
2019-04-26 21:53:25,122 INFO 12066 [egg:core] dump config after ready, 7ms
2019-04-27 08:36:27,825 INFO 6732 [egg:logger] init all loggers with options: {"dir":"C:\\Users\\Administrator\\Desktop\\shop\\server\\logs\\server","encoding":"utf8","env":"local","level":"INFO","consoleLevel":"INFO","disableConsoleAfterReady":false,"outputJSON":false,"buffer":true,"appLogName":"server-web.log","coreLogName":"egg-web.log","agentLogName":"egg-agent.log","errorLogName":"common-error.log","coreLogger":{"consoleLevel":"WARN"},"allowDebugAtProd":false,"type":"application"}
2019-04-27 08:36:27,870 INFO 6732 [egg-multipart] stream mode enable
2019-04-27 08:36:28,159 INFO 6732 [egg-mongoose] connecting mongodb://127.0.0.1/shoppingMall
2019-04-27 08:36:28,444 INFO 6732 [egg-static] starting static serve /public/ -> C:\Users\Administrator\Desktop\shop\server\app\public
2019-04-27 08:36:28,447 INFO 6732 [egg-security] use methodnoallow middleware
2019-04-27 08:36:28,448 INFO 6732 [egg-security] use noopen middleware
2019-04-27 08:36:28,449 INFO 6732 [egg-security] use nosniff middleware
2019-04-27 08:36:28,449 INFO 6732 [egg-security] use xssProtection middleware
2019-04-27 08:36:28,451 INFO 6732 [egg-security] use xframe middleware
2019-04-27 08:36:28,452 INFO 6732 [egg-security] use dta middleware
2019-04-27 08:36:28,452 INFO 6732 [egg-security] compose 6 middlewares into one security middleware
2019-04-27 08:36:28,472 INFO 6732 [egg:core] dump config after load, 5ms
2019-04-27 08:36:28,475 INFO 6732 [egg-mongoose] starting...
2019-04-27 08:36:28,514 INFO 6732 [egg-mongoose] mongodb://127.0.0.1/shoppingMall connected successfully
2019-04-27 08:36:28,522 INFO 6732 [egg-mongoose] instance[0] start successfully
2019-04-27 08:36:28,524 INFO 6732 [egg-watcher:application] watcher start success
2019-04-27 08:36:28,531 INFO 6732 [egg:core] dump config after ready, 6ms
2019-04-27 10:25:49,253 INFO 3124 [egg:logger] init all loggers with options: {"dir":"C:\\Users\\Administrator\\Desktop\\shop\\server\\logs\\server","encoding":"utf8","env":"local","level":"INFO","consoleLevel":"INFO","disableConsoleAfterReady":false,"outputJSON":false,"buffer":true,"appLogName":"server-web.log","coreLogName":"egg-web.log","agentLogName":"egg-agent.log","errorLogName":"common-error.log","coreLogger":{"consoleLevel":"WARN"},"allowDebugAtProd":false,"type":"application"}
2019-04-27 10:25:49,290 INFO 3124 [egg-multipart] stream mode enable
2019-04-27 10:25:49,771 INFO 3124 [egg-mongoose] connecting mongodb://127.0.0.1/shoppingMall
2019-04-27 10:25:50,103 INFO 3124 [egg-static] starting static serve /public/ -> C:\Users\Administrator\Desktop\shop\server\app\public
2019-04-27 10:25:50,106 INFO 3124 [egg-security] use methodnoallow middleware
2019-04-27 10:25:50,106 INFO 3124 [egg-security] use noopen middleware
2019-04-27 10:25:50,107 INFO 3124 [egg-security] use nosniff middleware
2019-04-27 10:25:50,108 INFO 3124 [egg-security] use xssProtection middleware
2019-04-27 10:25:50,109 INFO 3124 [egg-security] use xframe middleware
2019-04-27 10:25:50,110 INFO 3124 [egg-security] use dta middleware
2019-04-27 10:25:50,110 INFO 3124 [egg-security] compose 6 middlewares into one security middleware
2019-04-27 10:25:50,132 INFO 3124 [egg:core] dump config after load, 8ms
2019-04-27 10:25:50,136 INFO 3124 [egg-mongoose] starting...
2019-04-27 10:25:50,176 INFO 3124 [egg-mongoose] mongodb://127.0.0.1/shoppingMall connected successfully
2019-04-27 10:25:50,183 INFO 3124 [egg-mongoose] instance[0] start successfully
2019-04-27 10:25:50,188 INFO 3124 [egg-watcher:application] watcher start success
2019-04-27 10:25:50,198 INFO 3124 [egg:core] dump config after ready, 8ms
2019-04-30 13:56:42,538 INFO 7004 [egg:logger] init all loggers with options: {"dir":"C:\\Users\\Administrator\\Desktop\\shop\\server\\logs\\server","encoding":"utf8","env":"local","level":"INFO","consoleLevel":"INFO","disableConsoleAfterReady":false,"outputJSON":false,"buffer":true,"appLogName":"server-web.log","coreLogName":"egg-web.log","agentLogName":"egg-agent.log","errorLogName":"common-error.log","coreLogger":{"consoleLevel":"WARN"},"allowDebugAtProd":false,"type":"application"}
2019-04-30 13:56:42,574 INFO 7004 [egg-multipart] stream mode enable
2019-04-30 13:56:42,879 INFO 7004 [egg-mongoose] connecting mongodb://127.0.0.1/shoppingMall
2019-04-30 13:56:43,116 INFO 7004 [egg-static] starting static serve /public/ -> C:\Users\Administrator\Desktop\shop\server\app\public
2019-04-30 13:56:43,119 INFO 7004 [egg-security] use methodnoallow middleware
2019-04-30 13:56:43,119 INFO 7004 [egg-security] use noopen middleware
2019-04-30 13:56:43,120 INFO 7004 [egg-security] use nosniff middleware
2019-04-30 13:56:43,121 INFO 7004 [egg-security] use xssProtection middleware
2019-04-30 13:56:43,121 INFO 7004 [egg-security] use xframe middleware
2019-04-30 13:56:43,121 INFO 7004 [egg-security] use dta middleware
2019-04-30 13:56:43,121 INFO 7004 [egg-security] compose 6 middlewares into one security middleware
2019-04-30 13:56:43,339 INFO 7004 [egg:core] dump config after load, 25ms
2019-04-30 13:56:43,347 INFO 7004 [egg-mongoose] starting...
2019-04-30 13:56:43,402 INFO 7004 [egg-watcher:application] watcher start success
2019-04-30 13:56:43,517 INFO 7004 [egg-mongoose] mongodb://127.0.0.1/shoppingMall connected successfully
2019-04-30 13:56:43,538 INFO 7004 [egg-mongoose] instance[0] start successfully
2019-04-30 13:56:43,555 INFO 7004 [egg:core] dump config after ready, 12ms
2019-04-30 14:03:27,941 INFO 1108 [egg:logger] init all loggers with options: {"dir":"C:\\Users\\Administrator\\Desktop\\shop\\server\\logs\\server","encoding":"utf8","env":"local","level":"INFO","consoleLevel":"INFO","disableConsoleAfterReady":false,"outputJSON":false,"buffer":true,"appLogName":"server-web.log","coreLogName":"egg-web.log","agentLogName":"egg-agent.log","errorLogName":"common-error.log","coreLogger":{"consoleLevel":"WARN"},"allowDebugAtProd":false,"type":"application"}
2019-04-30 14:03:27,982 INFO 1108 [egg-multipart] stream mode enable
2019-04-30 14:03:28,494 INFO 1108 [egg-mongoose] connecting mongodb://127.0.0.1/shoppingMall
2019-04-30 14:03:28,868 INFO 1108 [egg-static] starting static serve /public/ -> C:\Users\Administrator\Desktop\shop\server\app\public
2019-04-30 14:03:28,871 INFO 1108 [egg-security] use methodnoallow middleware
2019-04-30 14:03:28,872 INFO 1108 [egg-security] use noopen middleware
2019-04-30 14:03:28,873 INFO 1108 [egg-security] use nosniff middleware
2019-04-30 14:03:28,874 INFO 1108 [egg-security] use xssProtection middleware
2019-04-30 14:03:28,875 INFO 1108 [egg-security] use xframe middleware
2019-04-30 14:03:28,875 INFO 1108 [egg-security] use dta middleware
2019-04-30 14:03:28,875 INFO 1108 [egg-security] compose 6 middlewares into one security middleware
2019-04-30 14:03:28,898 INFO 1108 [egg:core] dump config after load, 5ms
2019-04-30 14:03:28,901 INFO 1108 [egg-mongoose] starting...
2019-04-30 14:03:28,938 INFO 1108 [egg-mongoose] mongodb://127.0.0.1/shoppingMall connected successfully
2019-04-30 14:03:28,945 INFO 1108 [egg-mongoose] instance[0] start successfully
2019-04-30 14:03:28,948 INFO 1108 [egg-watcher:application] watcher start success
2019-04-30 14:03:28,958 INFO 1108 [egg:core] dump config after ready, 7ms
2019-04-30 15:00:05,761 INFO 6380 [egg:logger] init all loggers with options: {"dir":"C:\\Users\\Administrator\\Desktop\\shop\\server\\logs\\server","encoding":"utf8","env":"local","level":"INFO","consoleLevel":"INFO","disableConsoleAfterReady":false,"outputJSON":false,"buffer":true,"appLogName":"server-web.log","coreLogName":"egg-web.log","agentLogName":"egg-agent.log","errorLogName":"common-error.log","coreLogger":{"consoleLevel":"WARN"},"allowDebugAtProd":false,"type":"application"}
2019-04-30 15:00:05,801 INFO 6380 [egg-multipart] stream mode enable
2019-04-30 15:00:06,250 INFO 6380 [egg-mongoose] connecting mongodb://127.0.0.1/shoppingMall
2019-04-30 15:00:06,600 INFO 6380 [egg-static] starting static serve /public/ -> C:\Users\Administrator\Desktop\shop\server\app\public
2019-04-30 15:00:06,603 INFO 6380 [egg-security] use methodnoallow middleware
2019-04-30 15:00:06,603 INFO 6380 [egg-security] use noopen middleware
2019-04-30 15:00:06,604 INFO 6380 [egg-security] use nosniff middleware
2019-04-30 15:00:06,605 INFO 6380 [egg-security] use xssProtection middleware
2019-04-30 15:00:06,605 INFO 6380 [egg-security] use xframe middleware
2019-04-30 15:00:06,606 INFO 6380 [egg-security] use dta middleware
2019-04-30 15:00:06,606 INFO 6380 [egg-security] compose 6 middlewares into one security middleware
2019-04-30 15:00:06,632 INFO 6380 [egg:core] dump config after load, 6ms
2019-04-30 15:00:06,635 INFO 6380 [egg-mongoose] starting...
2019-04-30 15:00:06,674 INFO 6380 [egg-mongoose] mongodb://127.0.0.1/shoppingMall connected successfully
2019-04-30 15:00:06,681 INFO 6380 [egg-mongoose] instance[0] start successfully
2019-04-30 15:00:06,686 INFO 6380 [egg-watcher:application] watcher start success
2019-04-30 15:00:06,693 INFO 6380 [egg:core] dump config after ready, 5ms
2019-04-30 15:01:10,396 INFO 6940 [egg:logger] init all loggers with options: {"dir":"C:\\Users\\Administrator\\Desktop\\shop\\server\\logs\\server","encoding":"utf8","env":"local","level":"INFO","consoleLevel":"INFO","disableConsoleAfterReady":false,"outputJSON":false,"buffer":true,"appLogName":"server-web.log","coreLogName":"egg-web.log","agentLogName":"egg-agent.log","errorLogName":"common-error.log","coreLogger":{"consoleLevel":"WARN"},"allowDebugAtProd":false,"type":"application"}
2019-04-30 15:01:10,434 INFO 6940 [egg-multipart] stream mode enable
2019-04-30 15:01:10,738 INFO 6940 [egg-mongoose] connecting mongodb://127.0.0.1/shoppingMall
2019-04-30 15:01:11,030 INFO 6940 [egg-static] starting static serve /public/ -> C:\Users\Administrator\Desktop\shop\server\app\public
2019-04-30 15:01:11,033 INFO 6940 [egg-security] use methodnoallow middleware
2019-04-30 15:01:11,034 INFO 6940 [egg-security] use noopen middleware
2019-04-30 15:01:11,035 INFO 6940 [egg-security] use nosniff middleware
2019-04-30 15:01:11,036 INFO 6940 [egg-security] use xssProtection middleware
2019-04-30 15:01:11,036 INFO 6940 [egg-security] use xframe middleware
2019-04-30 15:01:11,037 INFO 6940 [egg-security] use dta middleware
2019-04-30 15:01:11,037 INFO 6940 [egg-security] compose 6 middlewares into one security middleware
2019-04-30 15:01:11,070 INFO 6940 [egg:core] dump config after load, 8ms
2019-04-30 15:01:11,073 INFO 6940 [egg-mongoose] starting...
2019-04-30 15:01:11,119 INFO 6940 [egg-mongoose] mongodb://127.0.0.1/shoppingMall connected successfully
2019-04-30 15:01:11,127 INFO 6940 [egg-mongoose] instance[0] start successfully
2019-04-30 15:01:11,132 INFO 6940 [egg-watcher:application] watcher start success
2019-04-30 15:01:11,141 INFO 6940 [egg:core] dump config after ready, 7ms
2019-04-30 15:10:23,263 INFO 1588 [egg:logger] init all loggers with options: {"dir":"C:\\Users\\Administrator\\Desktop\\shop\\server\\logs\\server","encoding":"utf8","env":"local","level":"INFO","consoleLevel":"INFO","disableConsoleAfterReady":false,"outputJSON":false,"buffer":true,"appLogName":"server-web.log","coreLogName":"egg-web.log","agentLogName":"egg-agent.log","errorLogName":"common-error.log","coreLogger":{"consoleLevel":"WARN"},"allowDebugAtProd":false,"type":"application"}
2019-04-30 15:10:23,301 INFO 1588 [egg-multipart] stream mode enable
2019-04-30 15:10:23,661 INFO 1588 [egg-mongoose] connecting mongodb://127.0.0.1/shoppingMall
2019-04-30 15:10:23,886 INFO 1588 [egg-static] starting static serve /public/ -> C:\Users\Administrator\Desktop\shop\server\app\public
2019-04-30 15:10:23,888 INFO 1588 [egg-security] use methodnoallow middleware
2019-04-30 15:10:23,889 INFO 1588 [egg-security] use noopen middleware
2019-04-30 15:10:23,890 INFO 1588 [egg-security] use nosniff middleware
2019-04-30 15:10:23,890 INFO 1588 [egg-security] use xssProtection middleware
2019-04-30 15:10:23,891 INFO 1588 [egg-security] use xframe middleware
2019-04-30 15:10:23,891 INFO 1588 [egg-security] use dta middleware
2019-04-30 15:10:23,891 INFO 1588 [egg-security] compose 6 middlewares into one security middleware
2019-04-30 15:10:23,915 INFO 1588 [egg:core] dump config after load, 6ms
2019-04-30 15:10:23,918 INFO 1588 [egg-mongoose] starting...
2019-04-30 15:10:23,966 INFO 1588 [egg-mongoose] mongodb://127.0.0.1/shoppingMall connected successfully
2019-04-30 15:10:23,973 INFO 1588 [egg-mongoose] instance[0] start successfully
2019-04-30 15:10:23,975 INFO 1588 [egg-watcher:application] watcher start success
2019-04-30 15:10:23,985 INFO 1588 [egg:core] dump config after ready, 6ms
2019-04-30 16:00:34,873 INFO 2516 [egg:logger] init all loggers with options: {"dir":"C:\\Users\\Administrator\\Desktop\\shop\\server\\logs\\server","encoding":"utf8","env":"local","level":"INFO","consoleLevel":"INFO","disableConsoleAfterReady":false,"outputJSON":false,"buffer":true,"appLogName":"server-web.log","coreLogName":"egg-web.log","agentLogName":"egg-agent.log","errorLogName":"common-error.log","coreLogger":{"consoleLevel":"WARN"},"allowDebugAtProd":false,"type":"application"}
2019-04-30 16:00:34,907 INFO 2516 [egg-multipart] stream mode enable
2019-04-30 16:00:35,337 INFO 2516 [egg-mongoose] connecting mongodb://127.0.0.1/shoppingMall
2019-04-30 16:00:35,694 INFO 2516 [egg-static] starting static serve /public/ -> C:\Users\Administrator\Desktop\shop\server\app\public
2019-04-30 16:00:35,696 INFO 2516 [egg-security] use methodnoallow middleware
2019-04-30 16:00:35,697 INFO 2516 [egg-security] use noopen middleware
2019-04-30 16:00:35,698 INFO 2516 [egg-security] use nosniff middleware
2019-04-30 16:00:35,699 INFO 2516 [egg-security] use xssProtection middleware
2019-04-30 16:00:35,699 INFO 2516 [egg-security] use xframe middleware
2019-04-30 16:00:35,700 INFO 2516 [egg-security] use dta middleware
2019-04-30 16:00:35,700 INFO 2516 [egg-security] compose 6 middlewares into one security middleware
2019-04-30 16:00:35,724 INFO 2516 [egg:core] dump config after load, 6ms
2019-04-30 16:00:35,728 INFO 2516 [egg-mongoose] starting...
2019-04-30 16:00:35,778 INFO 2516 [egg-mongoose] mongodb://127.0.0.1/shoppingMall connected successfully
2019-04-30 16:00:35,785 INFO 2516 [egg-mongoose] instance[0] start successfully
2019-04-30 16:00:35,787 INFO 2516 [egg-watcher:application] watcher start success
2019-04-30 16:00:35,797 INFO 2516 [egg:core] dump config after ready, 7ms
2019-04-30 16:27:58,964 INFO 1652 [egg:logger] init all loggers with options: {"dir":"C:\\Users\\Administrator\\Desktop\\shop\\server\\logs\\server","encoding":"utf8","env":"local","level":"INFO","consoleLevel":"INFO","disableConsoleAfterReady":false,"outputJSON":false,"buffer":true,"appLogName":"server-web.log","coreLogName":"egg-web.log","agentLogName":"egg-agent.log","errorLogName":"common-error.log","coreLogger":{"consoleLevel":"WARN"},"allowDebugAtProd":false,"type":"application"}
2019-04-30 16:27:59,004 INFO 1652 [egg-multipart] stream mode enable
2019-04-30 16:27:59,447 INFO 1652 [egg-mongoose] connecting mongodb://127.0.0.1/shoppingMall
2019-04-30 16:27:59,766 INFO 1652 [egg-static] starting static serve /public/ -> C:\Users\Administrator\Desktop\shop\server\app\public
2019-04-30 16:27:59,768 INFO 1652 [egg-security] use methodnoallow middleware
2019-04-30 16:27:59,769 INFO 1652 [egg-security] use noopen middleware
2019-04-30 16:27:59,770 INFO 1652 [egg-security] use nosniff middleware
2019-04-30 16:27:59,770 INFO 1652 [egg-security] use xssProtection middleware
2019-04-30 16:27:59,771 INFO 1652 [egg-security] use xframe middleware
2019-04-30 16:27:59,771 INFO 1652 [egg-security] use dta middleware
2019-04-30 16:27:59,771 INFO 1652 [egg-security] compose 6 middlewares into one security middleware
2019-04-30 16:27:59,791 INFO 1652 [egg:core] dump config after load, 7ms
2019-04-30 16:27:59,795 INFO 1652 [egg-mongoose] starting...
2019-04-30 16:27:59,855 INFO 1652 [egg-mongoose] mongodb://127.0.0.1/shoppingMall connected successfully
2019-04-30 16:27:59,867 INFO 1652 [egg-mongoose] instance[0] start successfully
2019-04-30 16:27:59,872 INFO 1652 [egg-watcher:application] watcher start success
2019-04-30 16:27:59,891 INFO 1652 [egg:core] dump config after ready, 17ms
2019-05-08 11:13:01,282 INFO 7920 [egg:logger] init all loggers with options: {"dir":"C:\\Users\\Administrator\\Desktop\\shop\\server\\logs\\server","encoding":"utf8","env":"local","level":"INFO","consoleLevel":"INFO","disableConsoleAfterReady":false,"outputJSON":false,"buffer":true,"appLogName":"server-web.log","coreLogName":"egg-web.log","agentLogName":"egg-agent.log","errorLogName":"common-error.log","coreLogger":{"consoleLevel":"WARN"},"allowDebugAtProd":false,"type":"application"}
2019-05-08 11:13:01,317 INFO 7920 [egg-multipart] stream mode enable
2019-05-08 11:13:01,786 INFO 7920 [egg-mongoose] connecting mongodb://127.0.0.1/shoppingMall
2019-05-08 11:13:02,170 INFO 7920 [egg-static] starting static serve /public/ -> C:\Users\Administrator\Desktop\shop\server\app\public
2019-05-08 11:13:02,173 INFO 7920 [egg-security] use methodnoallow middleware
2019-05-08 11:13:02,174 INFO 7920 [egg-security] use noopen middleware
2019-05-08 11:13:02,175 INFO 7920 [egg-security] use nosniff middleware
2019-05-08 11:13:02,176 INFO 7920 [egg-security] use xssProtection middleware
2019-05-08 11:13:02,176 INFO 7920 [egg-security] use xframe middleware
2019-05-08 11:13:02,177 INFO 7920 [egg-security] use dta middleware
2019-05-08 11:13:02,177 INFO 7920 [egg-security] compose 6 middlewares into one security middleware
2019-05-08 11:13:02,203 INFO 7920 [egg:core] dump config after load, 7ms
2019-05-08 11:13:02,205 INFO 7920 [egg-mongoose] starting...
2019-05-08 11:13:02,244 INFO 7920 [egg-mongoose] mongodb://127.0.0.1/shoppingMall connected successfully
2019-05-08 11:13:02,251 INFO 7920 [egg-mongoose] instance[0] start successfully
2019-05-08 11:13:02,253 INFO 7920 [egg-watcher:application] watcher start success
2019-05-08 11:13:02,265 INFO 7920 [egg:core] dump config after ready, 9ms
2019-05-08 16:19:35,343 INFO 6608 [egg:logger] init all loggers with options: {"dir":"C:\\Users\\Administrator\\Desktop\\shop\\server\\logs\\server","encoding":"utf8","env":"local","level":"INFO","consoleLevel":"INFO","disableConsoleAfterReady":false,"outputJSON":false,"buffer":true,"appLogName":"server-web.log","coreLogName":"egg-web.log","agentLogName":"egg-agent.log","errorLogName":"common-error.log","coreLogger":{"consoleLevel":"WARN"},"allowDebugAtProd":false,"type":"application"}
2019-05-08 16:19:35,395 INFO 6608 [egg-multipart] stream mode enable
2019-05-08 16:19:36,206 INFO 6608 [egg-mongoose] connecting mongodb://127.0.0.1/shoppingMall
2019-05-08 16:19:36,761 INFO 6608 [egg-static] starting static serve /public/ -> C:\Users\Administrator\Desktop\shop\server\app\public
2019-05-08 16:19:36,765 INFO 6608 [egg-security] use methodnoallow middleware
2019-05-08 16:19:36,765 INFO 6608 [egg-security] use noopen middleware
2019-05-08 16:19:36,767 INFO 6608 [egg-security] use nosniff middleware
2019-05-08 16:19:36,767 INFO 6608 [egg-security] use xssProtection middleware
2019-05-08 16:19:36,768 INFO 6608 [egg-security] use xframe middleware
2019-05-08 16:19:36,769 INFO 6608 [egg-security] use dta middleware
2019-05-08 16:19:36,769 INFO 6608 [egg-security] compose 6 middlewares into one security middleware
2019-05-08 16:19:36,812 INFO 6608 [egg:core] dump config after load, 17ms
2019-05-08 16:19:36,816 INFO 6608 [egg-mongoose] starting...
2019-05-08 16:19:36,882 INFO 6608 [egg-mongoose] mongodb://127.0.0.1/shoppingMall connected successfully
2019-05-08 16:19:36,894 INFO 6608 [egg-mongoose] instance[0] start successfully
2019-05-08 16:19:36,897 INFO 6608 [egg-watcher:application] watcher start success
2019-05-08 16:19:36,916 INFO 6608 [egg:core] dump config after ready, 14ms
2019-05-10 08:53:01,754 INFO 3636 [egg:logger] init all loggers with options: {"dir":"C:\\Users\\Administrator\\Desktop\\shop\\server\\logs\\server","encoding":"utf8","env":"local","level":"INFO","consoleLevel":"INFO","disableConsoleAfterReady":false,"outputJSON":false,"buffer":true,"appLogName":"server-web.log","coreLogName":"egg-web.log","agentLogName":"egg-agent.log","errorLogName":"common-error.log","coreLogger":{"consoleLevel":"WARN"},"allowDebugAtProd":false,"type":"application"}
2019-05-10 08:53:01,791 INFO 3636 [egg-multipart] stream mode enable
2019-05-10 08:53:02,221 INFO 3636 [egg-mongoose] connecting mongodb://127.0.0.1/shoppingMall
2019-05-10 08:53:02,558 INFO 3636 [egg-static] starting static serve /public/ -> C:\Users\Administrator\Desktop\shop\server\app\public
2019-05-10 08:53:02,566 INFO 3636 [egg-security] use methodnoallow middleware
2019-05-10 08:53:02,567 INFO 3636 [egg-security] use noopen middleware
2019-05-10 08:53:02,568 INFO 3636 [egg-security] use nosniff middleware
2019-05-10 08:53:02,569 INFO 3636 [egg-security] use xssProtection middleware
2019-05-10 08:53:02,569 INFO 3636 [egg-security] use xframe middleware
2019-05-10 08:53:02,570 INFO 3636 [egg-security] use dta middleware
2019-05-10 08:53:02,570 INFO 3636 [egg-security] compose 6 middlewares into one security middleware
2019-05-10 08:53:02,592 INFO 3636 [egg:core] dump config after load, 5ms
2019-05-10 08:53:02,596 INFO 3636 [egg-mongoose] starting...
2019-05-10 08:53:02,634 INFO 3636 [egg-watcher:application] watcher start success
2019-05-10 08:53:02,638 INFO 3636 [egg-mongoose] mongodb://127.0.0.1/shoppingMall connected successfully
2019-05-10 08:53:02,645 INFO 3636 [egg-mongoose] instance[0] start successfully
2019-05-10 08:53:02,651 INFO 3636 [egg:core] dump config after ready, 5ms
2019-05-10 08:53:17,447 INFO 7048 [egg:logger] init all loggers with options: {"dir":"C:\\Users\\Administrator\\Desktop\\shop\\server\\logs\\server","encoding":"utf8","env":"local","level":"INFO","consoleLevel":"INFO","disableConsoleAfterReady":false,"outputJSON":false,"buffer":true,"appLogName":"server-web.log","coreLogName":"egg-web.log","agentLogName":"egg-agent.log","errorLogName":"common-error.log","coreLogger":{"consoleLevel":"WARN"},"allowDebugAtProd":false,"type":"application"}
2019-05-10 08:53:17,484 INFO 7048 [egg-multipart] stream mode enable
2019-05-10 08:53:17,774 INFO 7048 [egg-mongoose] connecting mongodb://127.0.0.1/shoppingMall
2019-05-10 08:53:18,005 INFO 7048 [egg-static] starting static serve /public/ -> C:\Users\Administrator\Desktop\shop\server\app\public
2019-05-10 08:53:18,008 INFO 7048 [egg-security] use methodnoallow middleware
2019-05-10 08:53:18,008 INFO 7048 [egg-security] use noopen middleware
2019-05-10 08:53:18,009 INFO 7048 [egg-security] use nosniff middleware
2019-05-10 08:53:18,009 INFO 7048 [egg-security] use xssProtection middleware
2019-05-10 08:53:18,010 INFO 7048 [egg-security] use xframe middleware
2019-05-10 08:53:18,010 INFO 7048 [egg-security] use dta middleware
2019-05-10 08:53:18,010 INFO 7048 [egg-security] compose 6 middlewares into one security middleware
2019-05-10 08:53:18,028 INFO 7048 [egg:core] dump config after load, 6ms
2019-05-10 08:53:18,030 INFO 7048 [egg-mongoose] starting...
2019-05-10 08:53:18,066 INFO 7048 [egg-mongoose] mongodb://127.0.0.1/shoppingMall connected successfully
2019-05-10 08:53:18,073 INFO 7048 [egg-mongoose] instance[0] start successfully
2019-05-10 08:53:18,075 INFO 7048 [egg-watcher:application] watcher start success
2019-05-10 08:53:18,087 INFO 7048 [egg:core] dump config after ready, 6ms
2019-07-01 09:48:43,781 INFO 404 [egg:logger] init all loggers with options: {"dir":"C:\\Users\\Administrator\\Desktop\\vue商城项目\\server\\logs\\server","encoding":"utf8","env":"local","level":"INFO","consoleLevel":"INFO","disableConsoleAfterReady":false,"outputJSON":false,"buffer":true,"appLogName":"server-web.log","coreLogName":"egg-web.log","agentLogName":"egg-agent.log","errorLogName":"common-error.log","coreLogger":{"consoleLevel":"WARN"},"allowDebugAtProd":false,"type":"application"}
2019-07-01 09:48:43,808 INFO 404 [egg-multipart] stream mode enable
2019-07-01 09:48:44,102 INFO 404 [egg-mongoose] connecting mongodb://127.0.0.1/shoppingMall
2019-07-01 09:48:44,329 INFO 404 [egg-static] starting static serve /public/ -> C:\Users\Administrator\Desktop\vue商城项目\server\app\public
2019-07-01 09:48:44,332 INFO 404 [egg-security] use methodnoallow middleware
2019-07-01 09:48:44,333 INFO 404 [egg-security] use noopen middleware
2019-07-01 09:48:44,333 INFO 404 [egg-security] use nosniff middleware
2019-07-01 09:48:44,334 INFO 404 [egg-security] use xssProtection middleware
2019-07-01 09:48:44,335 INFO 404 [egg-security] use xframe middleware
2019-07-01 09:48:44,335 INFO 404 [egg-security] use dta middleware
2019-07-01 09:48:44,335 INFO 404 [egg-security] compose 6 middlewares into one security middleware
2019-07-01 09:48:44,360 INFO 404 [egg:core] dump config after load, 9ms
2019-07-01 09:48:44,363 INFO 404 [egg-mongoose] starting...
2019-07-01 09:48:44,412 INFO 404 [egg-mongoose] mongodb://127.0.0.1/shoppingMall connected successfully
2019-07-01 09:48:44,420 INFO 404 [egg-mongoose] instance[0] start successfully
2019-07-01 09:48:44,423 INFO 404 [egg-watcher:application] watcher start success
2019-07-01 09:48:44,436 INFO 404 [egg:core] dump config after ready, 11ms
2019-07-03 14:42:37,659 INFO 9404 [egg:logger] init all loggers with options: {"dir":"C:\\Users\\Administrator\\Desktop\\vue商城项目\\server\\logs\\server","encoding":"utf8","env":"local","level":"INFO","consoleLevel":"INFO","disableConsoleAfterReady":false,"outputJSON":false,"buffer":true,"appLogName":"server-web.log","coreLogName":"egg-web.log","agentLogName":"egg-agent.log","errorLogName":"common-error.log","coreLogger":{"consoleLevel":"WARN"},"allowDebugAtProd":false,"type":"application"}
2019-07-03 14:42:37,688 INFO 9404 [egg-multipart] stream mode enable
2019-07-03 14:42:38,256 INFO 9404 [egg-mongoose] connecting mongodb://127.0.0.1/shoppingMall
2019-07-03 14:42:38,818 INFO 9404 [egg-static] starting static serve /public/ -> C:\Users\Administrator\Desktop\vue商城项目\server\app\public
2019-07-03 14:42:38,824 INFO 9404 [egg-security] use methodnoallow middleware
2019-07-03 14:42:38,826 INFO 9404 [egg-security] use noopen middleware
2019-07-03 14:42:38,827 INFO 9404 [egg-security] use nosniff middleware
2019-07-03 14:42:38,829 INFO 9404 [egg-security] use xssProtection middleware
2019-07-03 14:42:38,829 INFO 9404 [egg-security] use xframe middleware
2019-07-03 14:42:38,831 INFO 9404 [egg-security] use dta middleware
2019-07-03 14:42:38,831 INFO 9404 [egg-security] compose 6 middlewares into one security middleware
2019-07-03 14:42:38,873 INFO 9404 [egg:core] dump config after load, 11ms
2019-07-03 14:42:38,882 INFO 9404 [egg-mongoose] starting...
2019-07-03 14:42:38,939 INFO 9404 [egg-mongoose] mongodb://127.0.0.1/shoppingMall connected successfully
2019-07-03 14:42:38,946 INFO 9404 [egg-mongoose] instance[0] start successfully
2019-07-03 14:42:38,949 INFO 9404 [egg-watcher:application] watcher start success
2019-07-03 14:42:38,962 INFO 9404 [egg:core] dump config after ready, 8ms
2019-07-03 15:24:23,550 INFO 10252 [egg:logger] init all loggers with options: {"dir":"C:\\Users\\Administrator\\Desktop\\vue商城项目\\server\\logs\\server","encoding":"utf8","env":"local","level":"INFO","consoleLevel":"INFO","disableConsoleAfterReady":false,"outputJSON":false,"buffer":true,"appLogName":"server-web.log","coreLogName":"egg-web.log","agentLogName":"egg-agent.log","errorLogName":"common-error.log","coreLogger":{"consoleLevel":"WARN"},"allowDebugAtProd":false,"type":"application"}
2019-07-03 15:24:23,579 INFO 10252 [egg-multipart] stream mode enable
2019-07-03 15:24:24,217 INFO 10252 [egg-mongoose] connecting mongodb://127.0.0.1/shoppingMall
2019-07-03 15:24:24,649 INFO 10252 [egg-static] starting static serve /public/ -> C:\Users\Administrator\Desktop\vue商城项目\server\app\public
2019-07-03 15:24:24,652 INFO 10252 [egg-security] use methodnoallow middleware
2019-07-03 15:24:24,653 INFO 10252 [egg-security] use noopen middleware
2019-07-03 15:24:24,654 INFO 10252 [egg-security] use nosniff middleware
2019-07-03 15:24:24,655 INFO 10252 [egg-security] use xssProtection middleware
2019-07-03 15:24:24,656 INFO 10252 [egg-security] use xframe middleware
2019-07-03 15:24:24,656 INFO 10252 [egg-security] use dta middleware
2019-07-03 15:24:24,656 INFO 10252 [egg-security] compose 6 middlewares into one security middleware
2019-07-03 15:24:24,684 INFO 10252 [egg:core] dump config after load, 7ms
2019-07-03 15:24:24,687 INFO 10252 [egg-mongoose] starting...
2019-07-03 15:24:24,727 INFO 10252 [egg-mongoose] mongodb://127.0.0.1/shoppingMall connected successfully
2019-07-03 15:24:24,735 INFO 10252 [egg-mongoose] instance[0] start successfully
2019-07-03 15:24:24,737 INFO 10252 [egg-watcher:application] watcher start success
2019-07-03 15:24:24,748 INFO 10252 [egg:core] dump config after ready, 7ms
2019-11-04 09:08:51,030 INFO 4284 [egg:logger] init all loggers with options: {"dir":"D:\\WangXinyu_projects\\shoppingmall\\shopping-mall\\server\\logs\\server","encoding":"utf8","env":"local","level":"INFO","consoleLevel":"INFO","disableConsoleAfterReady":false,"outputJSON":false,"buffer":true,"appLogName":"server-web.log","coreLogName":"egg-web.log","agentLogName":"egg-agent.log","errorLogName":"common-error.log","coreLogger":{"consoleLevel":"WARN"},"allowDebugAtProd":false,"type":"application"}
2019-11-04 09:08:51,057 INFO 4284 [egg-multipart] stream mode enable
2019-11-04 09:08:51,363 INFO 4284 [egg-mongoose] connecting mongodb://127.0.0.1/shoppingMall
2019-11-04 09:08:51,637 INFO 4284 [egg-static] starting static serve /public/ -> D:\WangXinyu_projects\shoppingmall\shopping-mall\server\app\public
2019-11-04 09:08:51,640 INFO 4284 [egg-security] use methodnoallow middleware
2019-11-04 09:08:51,640 INFO 4284 [egg-security] use noopen middleware
2019-11-04 09:08:51,642 INFO 4284 [egg-security] use nosniff middleware
2019-11-04 09:08:51,642 INFO 4284 [egg-security] use xssProtection middleware
2019-11-04 09:08:51,643 INFO 4284 [egg-security] use xframe middleware
2019-11-04 09:08:51,643 INFO 4284 [egg-security] use dta middleware
2019-11-04 09:08:51,643 INFO 4284 [egg-security] compose 6 middlewares into one security middleware
2019-11-04 09:08:51,662 INFO 4284 [egg:core] dump config after load, 3ms
2019-11-04 09:08:51,665 INFO 4284 [egg-mongoose] starting...
2019-11-04 09:08:51,719 INFO 4284 [egg-mongoose] mongodb://127.0.0.1/shoppingMall connected successfully
2019-11-04 09:08:51,732 INFO 4284 [egg-mongoose] instance[0] start successfully
2019-11-04 09:08:51,734 INFO 4284 [egg-watcher:application] watcher start success
2019-11-04 09:08:51,744 INFO 4284 [egg:core] dump config after ready, 6ms
2019-11-04 09:09:51,480 INFO 5236 [egg:logger] init all loggers with options: {"dir":"D:\\WangXinyu_projects\\shoppingmall\\shopping-mall\\server\\logs\\server","encoding":"utf8","env":"local","level":"INFO","consoleLevel":"INFO","disableConsoleAfterReady":false,"outputJSON":false,"buffer":true,"appLogName":"server-web.log","coreLogName":"egg-web.log","agentLogName":"egg-agent.log","errorLogName":"common-error.log","coreLogger":{"consoleLevel":"WARN"},"allowDebugAtProd":false,"type":"application"}
2019-11-04 09:09:51,506 INFO 5236 [egg-multipart] stream mode enable
2019-11-04 09:09:51,809 INFO 5236 [egg-mongoose] connecting mongodb://127.0.0.1/shoppingMall
2019-11-04 09:09:52,091 INFO 5236 [egg-static] starting static serve /public/ -> D:\WangXinyu_projects\shoppingmall\shopping-mall\server\app\public
2019-11-04 09:09:52,095 INFO 5236 [egg-security] use methodnoallow middleware
2019-11-04 09:09:52,096 INFO 5236 [egg-security] use noopen middleware
2019-11-04 09:09:52,098 INFO 5236 [egg-security] use nosniff middleware
2019-11-04 09:09:52,098 INFO 5236 [egg-security] use xssProtection middleware
2019-11-04 09:09:52,100 INFO 5236 [egg-security] use xframe middleware
2019-11-04 09:09:52,100 INFO 5236 [egg-security] use dta middleware
2019-11-04 09:09:52,100 INFO 5236 [egg-security] compose 6 middlewares into one security middleware
2019-11-04 09:09:52,122 INFO 5236 [egg:core] dump config after load, 6ms
2019-11-04 09:09:52,125 INFO 5236 [egg-mongoose] starting...
2019-11-04 09:09:52,192 INFO 5236 [egg-mongoose] mongodb://127.0.0.1/shoppingMall connected successfully
2019-11-04 09:09:52,198 INFO 5236 [egg-mongoose] instance[0] start successfully
2019-11-04 09:09:52,200 INFO 5236 [egg-watcher:application] watcher start success
2019-11-04 09:09:52,209 INFO 5236 [egg:core] dump config after ready, 6ms
2019-11-04 10:32:59,970 INFO 6956 [egg:logger] init all loggers with options: {"dir":"D:\\WangXinyu_projects\\shoppingmall\\shopping-mall\\server\\logs\\server","encoding":"utf8","env":"local","level":"INFO","consoleLevel":"INFO","disableConsoleAfterReady":false,"outputJSON":false,"buffer":true,"appLogName":"server-web.log","coreLogName":"egg-web.log","agentLogName":"egg-agent.log","errorLogName":"common-error.log","coreLogger":{"consoleLevel":"WARN"},"allowDebugAtProd":false,"type":"application"}
2019-11-04 10:33:00,009 INFO 6956 [egg-multipart] stream mode enable
2019-11-04 10:33:01,080 INFO 6956 [egg-mongoose] connecting mongodb://127.0.0.1/shoppingMall
2019-11-04 10:33:02,367 INFO 6956 [egg-static] starting static serve /public/ -> D:\WangXinyu_projects\shoppingmall\shopping-mall\server\app\public
2019-11-04 10:33:02,377 INFO 6956 [egg-security] use methodnoallow middleware
2019-11-04 10:33:02,379 INFO 6956 [egg-security] use noopen middleware
2019-11-04 10:33:02,387 INFO 6956 [egg-security] use nosniff middleware
2019-11-04 10:33:02,388 INFO 6956 [egg-security] use xssProtection middleware
2019-11-04 10:33:02,389 INFO 6956 [egg-security] use xframe middleware
2019-11-04 10:33:02,390 INFO 6956 [egg-security] use dta middleware
2019-11-04 10:33:02,390 INFO 6956 [egg-security] compose 6 middlewares into one security middleware
2019-11-04 10:33:02,448 INFO 6956 [egg:core] dump config after load, 7ms
2019-11-04 10:33:02,455 INFO 6956 [egg-mongoose] starting...
2019-11-04 10:33:02,562 INFO 6956 [egg-watcher:application] watcher start success
2019-11-04 10:33:02,648 INFO 6956 [egg-mongoose] mongodb://127.0.0.1/shoppingMall connected successfully
2019-11-04 10:33:02,667 INFO 6956 [egg-mongoose] instance[0] start successfully
2019-11-04 10:33:02,687 INFO 6956 [egg:core] dump config after ready, 14ms
2019-11-05 08:17:34,895 INFO 4584 [egg:logger] init all loggers with options: {"dir":"D:\\WangXinyu_projects\\shoppingmall\\shopping-mall\\server\\logs\\server","encoding":"utf8","env":"local","level":"INFO","consoleLevel":"INFO","disableConsoleAfterReady":false,"outputJSON":false,"buffer":true,"appLogName":"server-web.log","coreLogName":"egg-web.log","agentLogName":"egg-agent.log","errorLogName":"common-error.log","coreLogger":{"consoleLevel":"WARN"},"allowDebugAtProd":false,"type":"application"}
2019-11-05 08:17:34,922 INFO 4584 [egg-multipart] stream mode enable
2019-11-05 08:17:35,381 INFO 4584 [egg-mongoose] connecting mongodb://127.0.0.1/shoppingMall
2019-11-05 08:17:36,152 INFO 4584 [egg-static] starting static serve /public/ -> D:\WangXinyu_projects\shoppingmall\shopping-mall\server\app\public
2019-11-05 08:17:36,156 INFO 4584 [egg-security] use methodnoallow middleware
2019-11-05 08:17:36,157 INFO 4584 [egg-security] use noopen middleware
2019-11-05 08:17:36,159 INFO 4584 [egg-security] use nosniff middleware
2019-11-05 08:17:36,159 INFO 4584 [egg-security] use xssProtection middleware
2019-11-05 08:17:36,160 INFO 4584 [egg-security] use xframe middleware
2019-11-05 08:17:36,161 INFO 4584 [egg-security] use dta middleware
2019-11-05 08:17:36,161 INFO 4584 [egg-security] compose 6 middlewares into one security middleware
2019-11-05 08:17:36,185 INFO 4584 [egg:core] dump config after load, 5ms
2019-11-05 08:17:36,188 INFO 4584 [egg-mongoose] starting...
2019-11-05 08:17:36,259 INFO 4584 [egg-mongoose] mongodb://127.0.0.1/shoppingMall connected successfully
2019-11-05 08:17:36,266 INFO 4584 [egg-mongoose] instance[0] start successfully
2019-11-05 08:17:36,268 INFO 4584 [egg-watcher:application] watcher start success
2019-11-05 08:17:36,280 INFO 4584 [egg:core] dump config after ready, 8ms
2019-11-05 17:16:03,903 INFO 4264 [egg:logger] init all loggers with options: {"dir":"D:\\WangXinyu_projects\\shoppingmall\\shopping-mall\\server\\logs\\server","encoding":"utf8","env":"local","level":"INFO","consoleLevel":"INFO","disableConsoleAfterReady":false,"outputJSON":false,"buffer":true,"appLogName":"server-web.log","coreLogName":"egg-web.log","agentLogName":"egg-agent.log","errorLogName":"common-error.log","coreLogger":{"consoleLevel":"WARN"},"allowDebugAtProd":false,"type":"application"}
2019-11-05 17:16:03,934 INFO 4264 [egg-multipart] stream mode enable
2019-11-05 17:16:04,547 INFO 4264 [egg-mongoose] connecting mongodb://127.0.0.1/shoppingMall
2019-11-05 17:16:06,084 INFO 4264 [egg-static] starting static serve /public/ -> D:\WangXinyu_projects\shoppingmall\shopping-mall\server\app\public
2019-11-05 17:16:06,088 INFO 4264 [egg-security] use methodnoallow middleware
2019-11-05 17:16:06,090 INFO 4264 [egg-security] use noopen middleware
2019-11-05 17:16:06,092 INFO 4264 [egg-security] use nosniff middleware
2019-11-05 17:16:06,093 INFO 4264 [egg-security] use xssProtection middleware
2019-11-05 17:16:06,094 INFO 4264 [egg-security] use xframe middleware
2019-11-05 17:16:06,095 INFO 4264 [egg-security] use dta middleware
2019-11-05 17:16:06,095 INFO 4264 [egg-security] compose 6 middlewares into one security middleware
2019-11-05 17:16:06,125 INFO 4264 [egg:core] dump config after load, 7ms
2019-11-05 17:16:06,129 INFO 4264 [egg-mongoose] starting...
2019-11-05 17:16:06,190 INFO 4264 [egg-mongoose] mongodb://127.0.0.1/shoppingMall connected successfully
2019-11-05 17:16:06,200 INFO 4264 [egg-mongoose] instance[0] start successfully
2019-11-05 17:16:06,202 INFO 4264 [egg-watcher:application] watcher start success
2019-11-05 17:16:06,211 INFO 4264 [egg:core] dump config after ready, 6ms
2019-11-06 08:26:07,219 INFO 4024 [egg:logger] init all loggers with options: {"dir":"D:\\WangXinyu_projects\\shoppingmall\\shopping-mall\\server\\logs\\server","encoding":"utf8","env":"local","level":"INFO","consoleLevel":"INFO","disableConsoleAfterReady":false,"outputJSON":false,"buffer":true,"appLogName":"server-web.log","coreLogName":"egg-web.log","agentLogName":"egg-agent.log","errorLogName":"common-error.log","coreLogger":{"consoleLevel":"WARN"},"allowDebugAtProd":false,"type":"application"}
2019-11-06 08:26:07,310 INFO 4024 [egg-multipart] stream mode enable
2019-11-06 08:26:08,494 INFO 4024 [egg-mongoose] connecting mongodb://127.0.0.1/shoppingMall
2019-11-06 08:26:09,286 INFO 4024 [egg-static] starting static serve /public/ -> D:\WangXinyu_projects\shoppingmall\shopping-mall\server\app\public
2019-11-06 08:26:09,293 INFO 4024 [egg-security] use methodnoallow middleware
2019-11-06 08:26:09,295 INFO 4024 [egg-security] use noopen middleware
2019-11-06 08:26:09,307 INFO 4024 [egg-security] use nosniff middleware
2019-11-06 08:26:09,309 INFO 4024 [egg-security] use xssProtection middleware
2019-11-06 08:26:09,310 INFO 4024 [egg-security] use xframe middleware
2019-11-06 08:26:09,312 INFO 4024 [egg-security] use dta middleware
2019-11-06 08:26:09,312 INFO 4024 [egg-security] compose 6 middlewares into one security middleware
2019-11-06 08:26:09,367 INFO 4024 [egg:core] dump config after load, 10ms
2019-11-06 08:26:09,374 INFO 4024 [egg-mongoose] starting...
2019-11-06 08:26:09,458 INFO 4024 [egg-watcher:application] watcher start success
2019-11-06 08:26:09,475 INFO 4024 [egg-mongoose] mongodb://127.0.0.1/shoppingMall connected successfully
2019-11-06 08:26:09,482 INFO 4024 [egg-mongoose] instance[0] start successfully
2019-11-06 08:26:09,493 INFO 4024 [egg:core] dump config after ready, 8ms
2019-11-07 08:40:05,339 INFO 5956 [egg:logger] init all loggers with options: {"dir":"D:\\WangXinyu_projects\\shoppingmall\\shopping-mall\\server\\logs\\server","encoding":"utf8","env":"local","level":"INFO","consoleLevel":"INFO","disableConsoleAfterReady":false,"outputJSON":false,"buffer":true,"appLogName":"server-web.log","coreLogName":"egg-web.log","agentLogName":"egg-agent.log","errorLogName":"common-error.log","coreLogger":{"consoleLevel":"WARN"},"allowDebugAtProd":false,"type":"application"}
2019-11-07 08:40:05,376 INFO 5956 [egg-multipart] stream mode enable
2019-11-07 08:40:05,922 INFO 5956 [egg-mongoose] connecting mongodb://127.0.0.1/shoppingMall
2019-11-07 08:40:06,406 INFO 5956 [egg-static] starting static serve /public/ -> D:\WangXinyu_projects\shoppingmall\shopping-mall\server\app\public
2019-11-07 08:40:06,410 INFO 5956 [egg-security] use methodnoallow middleware
2019-11-07 08:40:06,411 INFO 5956 [egg-security] use noopen middleware
2019-11-07 08:40:06,413 INFO 5956 [egg-security] use nosniff middleware
2019-11-07 08:40:06,414 INFO 5956 [egg-security] use xssProtection middleware
2019-11-07 08:40:06,415 INFO 5956 [egg-security] use xframe middleware
2019-11-07 08:40:06,416 INFO 5956 [egg-security] use dta middleware
2019-11-07 08:40:06,416 INFO 5956 [egg-security] compose 6 middlewares into one security middleware
2019-11-07 08:40:06,446 INFO 5956 [egg:core] dump config after load, 4ms
2019-11-07 08:40:06,449 INFO 5956 [egg-mongoose] starting...
2019-11-07 08:40:06,520 INFO 5956 [egg-mongoose] mongodb://127.0.0.1/shoppingMall connected successfully
2019-11-07 08:40:06,528 INFO 5956 [egg-mongoose] instance[0] start successfully
2019-11-07 08:40:06,530 INFO 5956 [egg-watcher:application] watcher start success
2019-11-07 08:40:06,543 INFO 5956 [egg:core] dump config after ready, 8ms
2019-11-08 08:39:11,644 INFO 2232 [egg:logger] init all loggers with options: {"dir":"D:\\WangXinyu_projects\\shoppingmall\\shopping-mall\\server\\logs\\server","encoding":"utf8","env":"local","level":"INFO","consoleLevel":"INFO","disableConsoleAfterReady":false,"outputJSON":false,"buffer":true,"appLogName":"server-web.log","coreLogName":"egg-web.log","agentLogName":"egg-agent.log","errorLogName":"common-error.log","coreLogger":{"consoleLevel":"WARN"},"allowDebugAtProd":false,"type":"application"}
2019-11-08 08:39:11,674 INFO 2232 [egg-multipart] stream mode enable
2019-11-08 08:39:12,390 INFO 2232 [egg-mongoose] connecting mongodb://127.0.0.1/shoppingMall
2019-11-08 08:39:15,178 INFO 2232 [egg-static] starting static serve /public/ -> D:\WangXinyu_projects\shoppingmall\shopping-mall\server\app\public
2019-11-08 08:39:15,186 INFO 2232 [egg-security] use methodnoallow middleware
2019-11-08 08:39:15,189 INFO 2232 [egg-security] use noopen middleware
2019-11-08 08:39:15,196 INFO 2232 [egg-security] use nosniff middleware
2019-11-08 08:39:15,197 INFO 2232 [egg-security] use xssProtection middleware
2019-11-08 08:39:15,199 INFO 2232 [egg-security] use xframe middleware
2019-11-08 08:39:15,200 INFO 2232 [egg-security] use dta middleware
2019-11-08 08:39:15,200 INFO 2232 [egg-security] compose 6 middlewares into one security middleware
2019-11-08 08:39:15,270 INFO 2232 [egg:core] dump config after load, 10ms
2019-11-08 08:39:15,280 INFO 2232 [egg-mongoose] starting...
2019-11-08 08:39:15,417 INFO 2232 [egg-watcher:application] watcher start success
2019-11-08 08:39:15,444 INFO 2232 [egg-mongoose] mongodb://127.0.0.1/shoppingMall connected successfully
2019-11-08 08:39:15,461 INFO 2232 [egg-mongoose] instance[0] start successfully
2019-11-08 08:39:15,478 INFO 2232 [egg:core] dump config after ready, 11ms
2019-11-08 09:09:02,211 INFO 9276 [egg:logger] init all loggers with options: {"dir":"D:\\WangXinyu_projects\\shoppingmall\\shopping-mall\\server\\logs\\server","encoding":"utf8","env":"local","level":"INFO","consoleLevel":"INFO","disableConsoleAfterReady":false,"outputJSON":false,"buffer":true,"appLogName":"server-web.log","coreLogName":"egg-web.log","agentLogName":"egg-agent.log","errorLogName":"common-error.log","coreLogger":{"consoleLevel":"WARN"},"allowDebugAtProd":false,"type":"application"}
2019-11-08 09:09:02,325 INFO 9276 [egg-multipart] stream mode enable
2019-11-08 09:09:03,644 INFO 9276 [egg-mongoose] connecting mongodb://127.0.0.1/shoppingMall
2019-11-08 09:09:04,398 INFO 9276 [egg-static] starting static serve /public/ -> D:\WangXinyu_projects\shoppingmall\shopping-mall\server\app\public
2019-11-08 09:09:04,404 INFO 9276 [egg-security] use methodnoallow middleware
2019-11-08 09:09:04,405 INFO 9276 [egg-security] use noopen middleware
2019-11-08 09:09:04,408 INFO 9276 [egg-security] use nosniff middleware
2019-11-08 09:09:04,409 INFO 9276 [egg-security] use xssProtection middleware
2019-11-08 09:09:04,410 INFO 9276 [egg-security] use xframe middleware
2019-11-08 09:09:04,412 INFO 9276 [egg-security] use dta middleware
2019-11-08 09:09:04,412 INFO 9276 [egg-security] compose 6 middlewares into one security middleware
2019-11-08 09:09:04,449 INFO 9276 [egg:core] dump config after load, 6ms
2019-11-08 09:09:04,456 INFO 9276 [egg-mongoose] starting...
2019-11-08 09:09:04,566 INFO 9276 [egg-mongoose] mongodb://127.0.0.1/shoppingMall connected successfully
2019-11-08 09:09:04,647 INFO 9276 [egg-mongoose] instance[0] start successfully
2019-11-08 09:09:04,650 INFO 9276 [egg-watcher:application] watcher start success
2019-11-08 09:09:04,663 INFO 9276 [egg:core] dump config after ready, 9ms
2019-11-08 09:19:35,624 INFO 8696 [egg:logger] init all loggers with options: {"dir":"D:\\WangXinyu_projects\\shoppingmall\\shopping-mall\\server\\logs\\server","encoding":"utf8","env":"local","level":"INFO","consoleLevel":"INFO","disableConsoleAfterReady":false,"outputJSON":false,"buffer":true,"appLogName":"server-web.log","coreLogName":"egg-web.log","agentLogName":"egg-agent.log","errorLogName":"common-error.log","coreLogger":{"consoleLevel":"WARN"},"allowDebugAtProd":false,"type":"application"}
2019-11-08 09:19:35,650 INFO 8696 [egg-multipart] stream mode enable
2019-11-08 09:19:36,138 INFO 8696 [egg-mongoose] connecting mongodb://127.0.0.1/shoppingMall
2019-11-08 09:19:36,554 INFO 8696 [egg-static] starting static serve /public/ -> D:\WangXinyu_projects\shoppingmall\shopping-mall\server\app\public
2019-11-08 09:19:36,558 INFO 8696 [egg-security] use methodnoallow middleware
2019-11-08 09:19:36,559 INFO 8696 [egg-security] use noopen middleware
2019-11-08 09:19:36,561 INFO 8696 [egg-security] use nosniff middleware
2019-11-08 09:19:36,562 INFO 8696 [egg-security] use xssProtection middleware
2019-11-08 09:19:36,562 INFO 8696 [egg-security] use xframe middleware
2019-11-08 09:19:36,563 INFO 8696 [egg-security] use dta middleware
2019-11-08 09:19:36,563 INFO 8696 [egg-security] compose 6 middlewares into one security middleware
2019-11-08 09:19:36,588 INFO 8696 [egg:core] dump config after load, 4ms
2019-11-08 09:19:36,592 INFO 8696 [egg-mongoose] starting...
2019-11-08 09:19:36,663 INFO 8696 [egg-mongoose] mongodb://127.0.0.1/shoppingMall connected successfully
2019-11-08 09:19:36,670 INFO 8696 [egg-mongoose] instance[0] start successfully
2019-11-08 09:19:36,672 INFO 8696 [egg-watcher:application] watcher start success
2019-11-08 09:19:36,681 INFO 8696 [egg:core] dump config after ready, 5ms
2019-11-08 09:26:44,450 INFO 4344 [egg:logger] init all loggers with options: {"dir":"D:\\WangXinyu_projects\\shoppingmall\\shopping-mall\\server\\logs\\server","encoding":"utf8","env":"local","level":"INFO","consoleLevel":"INFO","disableConsoleAfterReady":false,"outputJSON":false,"buffer":true,"appLogName":"server-web.log","coreLogName":"egg-web.log","agentLogName":"egg-agent.log","errorLogName":"common-error.log","coreLogger":{"consoleLevel":"WARN"},"allowDebugAtProd":false,"type":"application"}
2019-11-08 09:26:44,490 INFO 4344 [egg-multipart] stream mode enable
2019-11-08 09:26:45,122 INFO 4344 [egg-mongoose] connecting mongodb://127.0.0.1/shoppingMall
2019-11-08 09:26:45,919 INFO 4344 [egg-static] starting static serve /public/ -> D:\WangXinyu_projects\shoppingmall\shopping-mall\server\app\public
2019-11-08 09:26:45,923 INFO 4344 [egg-security] use methodnoallow middleware
2019-11-08 09:26:45,926 INFO 4344 [egg-security] use noopen middleware
2019-11-08 09:26:45,931 INFO 4344 [egg-security] use nosniff middleware
2019-11-08 09:26:45,933 INFO 4344 [egg-security] use xssProtection middleware
2019-11-08 09:26:45,934 INFO 4344 [egg-security] use xframe middleware
2019-11-08 09:26:45,935 INFO 4344 [egg-security] use dta middleware
2019-11-08 09:26:45,935 INFO 4344 [egg-security] compose 6 middlewares into one security middleware
2019-11-08 09:26:45,967 INFO 4344 [egg:core] dump config after load, 4ms
2019-11-08 09:26:45,970 INFO 4344 [egg-mongoose] starting...
2019-11-08 09:26:46,060 INFO 4344 [egg-mongoose] mongodb://127.0.0.1/shoppingMall connected successfully
2019-11-08 09:26:46,075 INFO 4344 [egg-mongoose] instance[0] start successfully
2019-11-08 09:26:46,077 INFO 4344 [egg-watcher:application] watcher start success
2019-11-08 09:26:46,089 INFO 4344 [egg:core] dump config after ready, 7ms
2019-11-08 09:48:03,533 INFO 8564 [egg:logger] init all loggers with options: {"dir":"D:\\WangXinyu_projects\\shoppingmall\\shopping-mall\\server\\logs\\server","encoding":"utf8","env":"local","level":"INFO","consoleLevel":"INFO","disableConsoleAfterReady":false,"outputJSON":false,"buffer":true,"appLogName":"server-web.log","coreLogName":"egg-web.log","agentLogName":"egg-agent.log","errorLogName":"common-error.log","coreLogger":{"consoleLevel":"WARN"},"allowDebugAtProd":false,"type":"application"}
2019-11-08 09:48:03,562 INFO 8564 [egg-multipart] stream mode enable
2019-11-08 09:48:04,013 INFO 8564 [egg-mongoose] connecting mongodb://127.0.0.1/shoppingMall
2019-11-08 09:48:04,501 INFO 8564 [egg-static] starting static serve /public/ -> D:\WangXinyu_projects\shoppingmall\shopping-mall\server\app\public
2019-11-08 09:48:04,504 INFO 8564 [egg-security] use methodnoallow middleware
2019-11-08 09:48:04,505 INFO 8564 [egg-security] use noopen middleware
2019-11-08 09:48:04,507 INFO 8564 [egg-security] use nosniff middleware
2019-11-08 09:48:04,507 INFO 8564 [egg-security] use xssProtection middleware
2019-11-08 09:48:04,508 INFO 8564 [egg-security] use xframe middleware
2019-11-08 09:48:04,509 INFO 8564 [egg-security] use dta middleware
2019-11-08 09:48:04,509 INFO 8564 [egg-security] compose 6 middlewares into one security middleware
2019-11-08 09:48:04,531 INFO 8564 [egg:core] dump config after load, 5ms
2019-11-08 09:48:04,534 INFO 8564 [egg-mongoose] starting...
2019-11-08 09:48:04,581 INFO 8564 [egg-mongoose] mongodb://127.0.0.1/shoppingMall connected successfully
2019-11-08 09:48:04,593 INFO 8564 [egg-mongoose] instance[0] start successfully
2019-11-08 09:48:04,598 INFO 8564 [egg-watcher:application] watcher start success
2019-11-08 09:48:04,605 INFO 8564 [egg:core] dump config after ready, 6ms
2019-11-08 11:42:11,439 INFO 9016 [egg:logger] init all loggers with options: {"dir":"D:\\WangXinyu_projects\\shoppingmall\\shopping-mall\\server\\logs\\server","encoding":"utf8","env":"local","level":"INFO","consoleLevel":"INFO","disableConsoleAfterReady":false,"outputJSON":false,"buffer":true,"appLogName":"server-web.log","coreLogName":"egg-web.log","agentLogName":"egg-agent.log","errorLogName":"common-error.log","coreLogger":{"consoleLevel":"WARN"},"allowDebugAtProd":false,"type":"application"}
2019-11-08 11:42:11,607 INFO 9016 [egg-multipart] stream mode enable
2019-11-08 11:42:12,642 INFO 9016 [egg-mongoose] connecting mongodb://127.0.0.1/shoppingMall
2019-11-08 11:42:13,074 INFO 9016 [egg-static] starting static serve /public/ -> D:\WangXinyu_projects\shoppingmall\shopping-mall\server\app\public
2019-11-08 11:42:13,078 INFO 9016 [egg-security] use methodnoallow middleware
2019-11-08 11:42:13,078 INFO 9016 [egg-security] use noopen middleware
2019-11-08 11:42:13,080 INFO 9016 [egg-security] use nosniff middleware
2019-11-08 11:42:13,081 INFO 9016 [egg-security] use xssProtection middleware
2019-11-08 11:42:13,081 INFO 9016 [egg-security] use xframe middleware
2019-11-08 11:42:13,082 INFO 9016 [egg-security] use dta middleware
2019-11-08 11:42:13,082 INFO 9016 [egg-security] compose 6 middlewares into one security middleware
2019-11-08 11:42:13,110 INFO 9016 [egg:core] dump config after load, 4ms
2019-11-08 11:42:13,113 INFO 9016 [egg-mongoose] starting...
2019-11-08 11:42:13,173 INFO 9016 [egg-watcher:application] watcher start success
2019-11-08 11:42:13,177 INFO 9016 [egg-mongoose] mongodb://127.0.0.1/shoppingMall connected successfully
2019-11-08 11:42:13,184 INFO 9016 [egg-mongoose] instance[0] start successfully
2019-11-08 11:42:13,191 INFO 9016 [egg:core] dump config after ready, 5ms
2019-11-09 08:30:46,259 INFO 4072 [egg:logger] init all loggers with options: {"dir":"D:\\WangXinyu_projects\\shoppingmall\\shopping-mall\\server\\logs\\server","encoding":"utf8","env":"local","level":"INFO","consoleLevel":"INFO","disableConsoleAfterReady":false,"outputJSON":false,"buffer":true,"appLogName":"server-web.log","coreLogName":"egg-web.log","agentLogName":"egg-agent.log","errorLogName":"common-error.log","coreLogger":{"consoleLevel":"WARN"},"allowDebugAtProd":false,"type":"application"}
2019-11-09 08:30:46,296 INFO 4072 [egg-multipart] stream mode enable
2019-11-09 08:30:46,973 INFO 4072 [egg-mongoose] connecting mongodb://127.0.0.1/shoppingMall
2019-11-09 08:30:47,558 INFO 4072 [egg-static] starting static serve /public/ -> D:\WangXinyu_projects\shoppingmall\shopping-mall\server\app\public
2019-11-09 08:30:47,562 INFO 4072 [egg-security] use methodnoallow middleware
2019-11-09 08:30:47,563 INFO 4072 [egg-security] use noopen middleware
2019-11-09 08:30:47,566 INFO 4072 [egg-security] use nosniff middleware
2019-11-09 08:30:47,567 INFO 4072 [egg-security] use xssProtection middleware
2019-11-09 08:30:47,568 INFO 4072 [egg-security] use xframe middleware
2019-11-09 08:30:47,569 INFO 4072 [egg-security] use dta middleware
2019-11-09 08:30:47,569 INFO 4072 [egg-security] compose 6 middlewares into one security middleware
2019-11-09 08:30:47,599 INFO 4072 [egg:core] dump config after load, 6ms
2019-11-09 08:30:47,603 INFO 4072 [egg-mongoose] starting...
2019-11-09 08:30:47,692 INFO 4072 [egg-mongoose] mongodb://127.0.0.1/shoppingMall connected successfully
2019-11-09 08:30:47,700 INFO 4072 [egg-mongoose] instance[0] start successfully
2019-11-09 08:30:47,703 INFO 4072 [egg-watcher:application] watcher start success
2019-11-09 08:30:47,713 INFO 4072 [egg:core] dump config after ready, 5ms
2019-11-11 08:33:16,547 INFO 5416 [egg:logger] init all loggers with options: {"dir":"D:\\WangXinyu_projects\\shoppingmall\\shopping-mall\\server\\logs\\server","encoding":"utf8","env":"local","level":"INFO","consoleLevel":"INFO","disableConsoleAfterReady":false,"outputJSON":false,"buffer":true,"appLogName":"server-web.log","coreLogName":"egg-web.log","agentLogName":"egg-agent.log","errorLogName":"common-error.log","coreLogger":{"consoleLevel":"WARN"},"allowDebugAtProd":false,"type":"application"}
2019-11-11 08:33:16,573 INFO 5416 [egg-multipart] stream mode enable
2019-11-11 08:33:17,050 INFO 5416 [egg-mongoose] connecting mongodb://127.0.0.1/shoppingMall
2019-11-11 08:33:17,476 INFO 5416 [egg-static] starting static serve /public/ -> D:\WangXinyu_projects\shoppingmall\shopping-mall\server\app\public
2019-11-11 08:33:17,479 INFO 5416 [egg-security] use methodnoallow middleware
2019-11-11 08:33:17,480 INFO 5416 [egg-security] use noopen middleware
2019-11-11 08:33:17,482 INFO 5416 [egg-security] use nosniff middleware
2019-11-11 08:33:17,483 INFO 5416 [egg-security] use xssProtection middleware
2019-11-11 08:33:17,484 INFO 5416 [egg-security] use xframe middleware
2019-11-11 08:33:17,484 INFO 5416 [egg-security] use dta middleware
2019-11-11 08:33:17,484 INFO 5416 [egg-security] compose 6 middlewares into one security middleware
2019-11-11 08:33:17,508 INFO 5416 [egg:core] dump config after load, 4ms
2019-11-11 08:33:17,511 INFO 5416 [egg-mongoose] starting...
2019-11-11 08:33:17,572 INFO 5416 [egg-mongoose] mongodb://127.0.0.1/shoppingMall connected successfully
2019-11-11 08:33:17,585 INFO 5416 [egg-mongoose] instance[0] start successfully
2019-11-11 08:33:17,587 INFO 5416 [egg-watcher:application] watcher start success
2019-11-11 08:33:17,597 INFO 5416 [egg:core] dump config after ready, 7ms
2019-11-11 13:40:15,496 INFO 456 [egg:logger] init all loggers with options: {"dir":"D:\\WangXinyu_projects\\shoppingmall\\shopping-mall\\server\\logs\\server","encoding":"utf8","env":"local","level":"INFO","consoleLevel":"INFO","disableConsoleAfterReady":false,"outputJSON":false,"buffer":true,"appLogName":"server-web.log","coreLogName":"egg-web.log","agentLogName":"egg-agent.log","errorLogName":"common-error.log","coreLogger":{"consoleLevel":"WARN"},"allowDebugAtProd":false,"type":"application"}
2019-11-11 13:40:15,523 INFO 456 [egg-multipart] stream mode enable
2019-11-11 13:40:16,000 INFO 456 [egg-mongoose] connecting mongodb://127.0.0.1/shoppingMall
2019-11-11 13:40:16,437 INFO 456 [egg-static] starting static serve /public/ -> D:\WangXinyu_projects\shoppingmall\shopping-mall\server\app\public
2019-11-11 13:40:16,441 INFO 456 [egg-security] use methodnoallow middleware
2019-11-11 13:40:16,442 INFO 456 [egg-security] use noopen middleware
2019-11-11 13:40:16,443 INFO 456 [egg-security] use nosniff middleware
2019-11-11 13:40:16,444 INFO 456 [egg-security] use xssProtection middleware
2019-11-11 13:40:16,445 INFO 456 [egg-security] use xframe middleware
2019-11-11 13:40:16,446 INFO 456 [egg-security] use dta middleware
2019-11-11 13:40:16,446 INFO 456 [egg-security] compose 6 middlewares into one security middleware
2019-11-11 13:40:16,470 INFO 456 [egg:core] dump config after load, 4ms
2019-11-11 13:40:16,473 INFO 456 [egg-mongoose] starting...
2019-11-11 13:40:16,537 INFO 456 [egg-mongoose] mongodb://127.0.0.1/shoppingMall connected successfully
2019-11-11 13:40:16,552 INFO 456 [egg-mongoose] instance[0] start successfully
2019-11-11 13:40:16,553 INFO 456 [egg-watcher:application] watcher start success
2019-11-11 13:40:16,563 INFO 456 [egg:core] dump config after ready, 6ms
2019-11-12 08:26:06,602 INFO 5432 [egg:logger] init all loggers with options: {"dir":"D:\\WangXinyu_projects\\shoppingmall\\shopping-mall\\server\\logs\\server","encoding":"utf8","env":"local","level":"INFO","consoleLevel":"INFO","disableConsoleAfterReady":false,"outputJSON":false,"buffer":true,"appLogName":"server-web.log","coreLogName":"egg-web.log","agentLogName":"egg-agent.log","errorLogName":"common-error.log","coreLogger":{"consoleLevel":"WARN"},"allowDebugAtProd":false,"type":"application"}
2019-11-12 08:26:06,628 INFO 5432 [egg-multipart] stream mode enable
2019-11-12 08:26:07,088 INFO 5432 [egg-mongoose] connecting mongodb://127.0.0.1/shoppingMall
2019-11-12 08:26:07,490 INFO 5432 [egg-static] starting static serve /public/ -> D:\WangXinyu_projects\shoppingmall\shopping-mall\server\app\public
2019-11-12 08:26:07,494 INFO 5432 [egg-security] use methodnoallow middleware
2019-11-12 08:26:07,495 INFO 5432 [egg-security] use noopen middleware
2019-11-12 08:26:07,496 INFO 5432 [egg-security] use nosniff middleware
2019-11-12 08:26:07,497 INFO 5432 [egg-security] use xssProtection middleware
2019-11-12 08:26:07,498 INFO 5432 [egg-security] use xframe middleware
2019-11-12 08:26:07,499 INFO 5432 [egg-security] use dta middleware
2019-11-12 08:26:07,499 INFO 5432 [egg-security] compose 6 middlewares into one security middleware
2019-11-12 08:26:07,526 INFO 5432 [egg:core] dump config after load, 4ms
2019-11-12 08:26:07,530 INFO 5432 [egg-mongoose] starting...
2019-11-12 08:26:07,590 INFO 5432 [egg-watcher:application] watcher start success
2019-11-12 08:26:07,593 INFO 5432 [egg-mongoose] mongodb://127.0.0.1/shoppingMall connected successfully
2019-11-12 08:26:07,606 INFO 5432 [egg-mongoose] instance[0] start successfully
2019-11-12 08:26:07,614 INFO 5432 [egg:core] dump config after ready, 5ms
2019-11-12 08:56:40,535 INFO 7852 [egg:logger] init all loggers with options: {"dir":"D:\\WangXinyu_projects\\shoppingmall\\shopping-mall\\server\\logs\\server","encoding":"utf8","env":"local","level":"INFO","consoleLevel":"INFO","disableConsoleAfterReady":false,"outputJSON":false,"buffer":true,"appLogName":"server-web.log","coreLogName":"egg-web.log","agentLogName":"egg-agent.log","errorLogName":"common-error.log","coreLogger":{"consoleLevel":"WARN"},"allowDebugAtProd":false,"type":"application"}
2019-11-12 08:56:40,562 INFO 7852 [egg-multipart] stream mode enable
2019-11-12 08:56:40,977 INFO 7852 [egg-mongoose] connecting mongodb://127.0.0.1/shoppingMall
2019-11-12 08:56:41,325 INFO 7852 [egg-static] starting static serve /public/ -> D:\WangXinyu_projects\shoppingmall\shopping-mall\server\app\public
2019-11-12 08:56:41,328 INFO 7852 [egg-security] use methodnoallow middleware
2019-11-12 08:56:41,329 INFO 7852 [egg-security] use noopen middleware
2019-11-12 08:56:41,330 INFO 7852 [egg-security] use nosniff middleware
2019-11-12 08:56:41,331 INFO 7852 [egg-security] use xssProtection middleware
2019-11-12 08:56:41,332 INFO 7852 [egg-security] use xframe middleware
2019-11-12 08:56:41,332 INFO 7852 [egg-security] use dta middleware
2019-11-12 08:56:41,332 INFO 7852 [egg-security] compose 6 middlewares into one security middleware
2019-11-12 08:56:41,355 INFO 7852 [egg:core] dump config after load, 5ms
2019-11-12 08:56:41,359 INFO 7852 [egg-mongoose] starting...
2019-11-12 08:56:41,404 INFO 7852 [egg-mongoose] mongodb://127.0.0.1/shoppingMall connected successfully
2019-11-12 08:56:41,416 INFO 7852 [egg-mongoose] instance[0] start successfully
2019-11-12 08:56:41,421 INFO 7852 [egg-watcher:application] watcher start success
2019-11-12 08:56:41,437 INFO 7852 [egg:core] dump config after ready, 14ms
2019-11-12 11:04:53,521 INFO 3256 [egg:logger] init all loggers with options: {"dir":"D:\\WangXinyu_projects\\shoppingmall\\shopping-mall\\server\\logs\\server","encoding":"utf8","env":"local","level":"INFO","consoleLevel":"INFO","disableConsoleAfterReady":false,"outputJSON":false,"buffer":true,"appLogName":"server-web.log","coreLogName":"egg-web.log","agentLogName":"egg-agent.log","errorLogName":"common-error.log","coreLogger":{"consoleLevel":"WARN"},"allowDebugAtProd":false,"type":"application"}
2019-11-12 11:04:53,547 INFO 3256 [egg-multipart] stream mode enable
2019-11-12 11:04:53,993 INFO 3256 [egg-mongoose] connecting mongodb://127.0.0.1/shoppingMall
2019-11-12 11:04:54,446 INFO 3256 [egg-static] starting static serve /public/ -> D:\WangXinyu_projects\shoppingmall\shopping-mall\server\app\public
2019-11-12 11:04:54,455 INFO 3256 [egg-security] use methodnoallow middleware
2019-11-12 11:04:54,456 INFO 3256 [egg-security] use noopen middleware
2019-11-12 11:04:54,459 INFO 3256 [egg-security] use nosniff middleware
2019-11-12 11:04:54,460 INFO 3256 [egg-security] use xssProtection middleware
2019-11-12 11:04:54,461 INFO 3256 [egg-security] use xframe middleware
2019-11-12 11:04:54,462 INFO 3256 [egg-security] use dta middleware
2019-11-12 11:04:54,462 INFO 3256 [egg-security] compose 6 middlewares into one security middleware
2019-11-12 11:04:54,498 INFO 3256 [egg:core] dump config after load, 6ms
2019-11-12 11:04:54,502 INFO 3256 [egg-mongoose] starting...
2019-11-12 11:04:54,568 INFO 3256 [egg-mongoose] mongodb://127.0.0.1/shoppingMall connected successfully
2019-11-12 11:04:54,575 INFO 3256 [egg-mongoose] instance[0] start successfully
2019-11-12 11:04:54,577 INFO 3256 [egg-watcher:application] watcher start success
2019-11-12 11:04:54,585 INFO 3256 [egg:core] dump config after ready, 5ms
2019-11-13 08:30:43,076 INFO 4432 [egg:logger] init all loggers with options: {"dir":"D:\\WangXinyu_projects\\shoppingmall\\shopping-mall\\server\\logs\\server","encoding":"utf8","env":"local","level":"INFO","consoleLevel":"INFO","disableConsoleAfterReady":false,"outputJSON":false,"buffer":true,"appLogName":"server-web.log","coreLogName":"egg-web.log","agentLogName":"egg-agent.log","errorLogName":"common-error.log","coreLogger":{"consoleLevel":"WARN"},"allowDebugAtProd":false,"type":"application"}
2019-11-13 08:30:43,104 INFO 4432 [egg-multipart] stream mode enable
2019-11-13 08:30:43,583 INFO 4432 [egg-mongoose] connecting mongodb://127.0.0.1/shoppingMall
2019-11-13 08:30:44,045 INFO 4432 [egg-static] starting static serve /public/ -> D:\WangXinyu_projects\shoppingmall\shopping-mall\server\app\public
2019-11-13 08:30:44,048 INFO 4432 [egg-security] use methodnoallow middleware
2019-11-13 08:30:44,049 INFO 4432 [egg-security] use noopen middleware
2019-11-13 08:30:44,051 INFO 4432 [egg-security] use nosniff middleware
2019-11-13 08:30:44,052 INFO 4432 [egg-security] use xssProtection middleware
2019-11-13 08:30:44,052 INFO 4432 [egg-security] use xframe middleware
2019-11-13 08:30:44,053 INFO 4432 [egg-security] use dta middleware
2019-11-13 08:30:44,053 INFO 4432 [egg-security] compose 6 middlewares into one security middleware
2019-11-13 08:30:44,078 INFO 4432 [egg:core] dump config after load, 4ms
2019-11-13 08:30:44,081 INFO 4432 [egg-mongoose] starting...
2019-11-13 08:30:44,140 INFO 4432 [egg-watcher:application] watcher start success
2019-11-13 08:30:44,143 INFO 4432 [egg-mongoose] mongodb://127.0.0.1/shoppingMall connected successfully
2019-11-13 08:30:44,156 INFO 4432 [egg-mongoose] instance[0] start successfully
2019-11-13 08:30:44,164 INFO 4432 [egg:core] dump config after ready, 5ms
2019-11-13 18:33:14,082 INFO 26024 [egg:logger] init all loggers with options: {"dir":"D:\\WangXinyu_projects\\shoppingmall\\shopping-mall\\server\\logs\\server","encoding":"utf8","env":"local","level":"INFO","consoleLevel":"INFO","disableConsoleAfterReady":false,"outputJSON":false,"buffer":true,"appLogName":"server-web.log","coreLogName":"egg-web.log","agentLogName":"egg-agent.log","errorLogName":"common-error.log","coreLogger":{"consoleLevel":"WARN"},"allowDebugAtProd":false,"type":"application"}
2019-11-13 18:33:14,109 INFO 26024 [egg-multipart] stream mode enable
2019-11-13 18:33:14,591 INFO 26024 [egg-mongoose] connecting mongodb://127.0.0.1/shoppingMall
2019-11-13 18:33:15,001 INFO 26024 [egg-static] starting static serve /public/ -> D:\WangXinyu_projects\shoppingmall\shopping-mall\server\app\public
2019-11-13 18:33:15,004 INFO 26024 [egg-security] use methodnoallow middleware
2019-11-13 18:33:15,006 INFO 26024 [egg-security] use noopen middleware
2019-11-13 18:33:15,008 INFO 26024 [egg-security] use nosniff middleware
2019-11-13 18:33:15,008 INFO 26024 [egg-security] use xssProtection middleware
2019-11-13 18:33:15,010 INFO 26024 [egg-security] use xframe middleware
2019-11-13 18:33:15,010 INFO 26024 [egg-security] use dta middleware
2019-11-13 18:33:15,010 INFO 26024 [egg-security] compose 6 middlewares into one security middleware
2019-11-13 18:33:15,035 INFO 26024 [egg:core] dump config after load, 4ms
2019-11-13 18:33:15,038 INFO 26024 [egg-mongoose] starting...
2019-11-13 18:33:15,092 INFO 26024 [egg-mongoose] mongodb://127.0.0.1/shoppingMall connected successfully
2019-11-13 18:33:15,107 INFO 26024 [egg-mongoose] instance[0] start successfully
2019-11-13 18:33:15,109 INFO 26024 [egg-watcher:application] watcher start success
2019-11-13 18:33:15,117 INFO 26024 [egg:core] dump config after ready, 5ms
2019-11-14 08:16:04,408 INFO 228 [egg:logger] init all loggers with options: {"dir":"D:\\WangXinyu_projects\\shoppingmall\\shopping-mall\\server\\logs\\server","encoding":"utf8","env":"local","level":"INFO","consoleLevel":"INFO","disableConsoleAfterReady":false,"outputJSON":false,"buffer":true,"appLogName":"server-web.log","coreLogName":"egg-web.log","agentLogName":"egg-agent.log","errorLogName":"common-error.log","coreLogger":{"consoleLevel":"WARN"},"allowDebugAtProd":false,"type":"application"}
2019-11-14 08:16:04,436 INFO 228 [egg-multipart] stream mode enable
2019-11-14 08:16:04,937 INFO 228 [egg-mongoose] connecting mongodb://127.0.0.1/shoppingMall
2019-11-14 08:16:05,379 INFO 228 [egg-static] starting static serve /public/ -> D:\WangXinyu_projects\shoppingmall\shopping-mall\server\app\public
2019-11-14 08:16:05,382 INFO 228 [egg-security] use methodnoallow middleware
2019-11-14 08:16:05,384 INFO 228 [egg-security] use noopen middleware
2019-11-14 08:16:05,385 INFO 228 [egg-security] use nosniff middleware
2019-11-14 08:16:05,386 INFO 228 [egg-security] use xssProtection middleware
2019-11-14 08:16:05,387 INFO 228 [egg-security] use xframe middleware
2019-11-14 08:16:05,388 INFO 228 [egg-security] use dta middleware
2019-11-14 08:16:05,388 INFO 228 [egg-security] compose 6 middlewares into one security middleware
2019-11-14 08:16:05,415 INFO 228 [egg:core] dump config after load, 6ms
2019-11-14 08:16:05,418 INFO 228 [egg-mongoose] starting...
2019-11-14 08:16:05,489 INFO 228 [egg-mongoose] mongodb://127.0.0.1/shoppingMall connected successfully
2019-11-14 08:16:05,507 INFO 228 [egg-mongoose] instance[0] start successfully
2019-11-14 08:16:05,509 INFO 228 [egg-watcher:application] watcher start success
2019-11-14 08:16:05,521 INFO 228 [egg:core] dump config after ready, 6ms
2019-11-15 08:21:02,896 INFO 5400 [egg:logger] init all loggers with options: {"dir":"D:\\WangXinyu_projects\\shoppingmall\\shopping-mall\\server\\logs\\server","encoding":"utf8","env":"local","level":"INFO","consoleLevel":"INFO","disableConsoleAfterReady":false,"outputJSON":false,"buffer":true,"appLogName":"server-web.log","coreLogName":"egg-web.log","agentLogName":"egg-agent.log","errorLogName":"common-error.log","coreLogger":{"consoleLevel":"WARN"},"allowDebugAtProd":false,"type":"application"}
2019-11-15 08:21:02,924 INFO 5400 [egg-multipart] stream mode enable
2019-11-15 08:21:03,379 INFO 5400 [egg-mongoose] connecting mongodb://127.0.0.1/shoppingMall
2019-11-15 08:21:03,788 INFO 5400 [egg-static] starting static serve /public/ -> D:\WangXinyu_projects\shoppingmall\shopping-mall\server\app\public
2019-11-15 08:21:03,793 INFO 5400 [egg-security] use methodnoallow middleware
2019-11-15 08:21:03,794 INFO 5400 [egg-security] use noopen middleware
2019-11-15 08:21:03,796 INFO 5400 [egg-security] use nosniff middleware
2019-11-15 08:21:03,797 INFO 5400 [egg-security] use xssProtection middleware
2019-11-15 08:21:03,797 INFO 5400 [egg-security] use xframe middleware
2019-11-15 08:21:03,798 INFO 5400 [egg-security] use dta middleware
2019-11-15 08:21:03,798 INFO 5400 [egg-security] compose 6 middlewares into one security middleware
2019-11-15 08:21:03,823 INFO 5400 [egg:core] dump config after load, 4ms
2019-11-15 08:21:03,826 INFO 5400 [egg-mongoose] starting...
2019-11-15 08:21:03,893 INFO 5400 [egg-mongoose] mongodb://127.0.0.1/shoppingMall connected successfully
2019-11-15 08:21:03,899 INFO 5400 [egg-mongoose] instance[0] start successfully
2019-11-15 08:21:03,901 INFO 5400 [egg-watcher:application] watcher start success
2019-11-15 08:21:03,909 INFO 5400 [egg:core] dump config after ready, 5ms
2019-11-15 13:34:03,013 INFO 4356 [egg:logger] init all loggers with options: {"dir":"D:\\WangXinyu_projects\\shoppingmall\\shopping-mall\\server\\logs\\server","encoding":"utf8","env":"local","level":"INFO","consoleLevel":"INFO","disableConsoleAfterReady":false,"outputJSON":false,"buffer":true,"appLogName":"server-web.log","coreLogName":"egg-web.log","agentLogName":"egg-agent.log","errorLogName":"common-error.log","coreLogger":{"consoleLevel":"WARN"},"allowDebugAtProd":false,"type":"application"}
2019-11-15 13:34:03,040 INFO 4356 [egg-multipart] stream mode enable
2019-11-15 13:34:03,545 INFO 4356 [egg-mongoose] connecting mongodb://127.0.0.1/shoppingMall
2019-11-15 13:34:04,280 INFO 4356 [egg-static] starting static serve /public/ -> D:\WangXinyu_projects\shoppingmall\shopping-mall\server\app\public
2019-11-15 13:34:04,284 INFO 4356 [egg-security] use methodnoallow middleware
2019-11-15 13:34:04,285 INFO 4356 [egg-security] use noopen middleware
2019-11-15 13:34:04,286 INFO 4356 [egg-security] use nosniff middleware
2019-11-15 13:34:04,287 INFO 4356 [egg-security] use xssProtection middleware
2019-11-15 13:34:04,288 INFO 4356 [egg-security] use xframe middleware
2019-11-15 13:34:04,289 INFO 4356 [egg-security] use dta middleware
2019-11-15 13:34:04,289 INFO 4356 [egg-security] compose 6 middlewares into one security middleware
2019-11-15 13:34:04,315 INFO 4356 [egg:core] dump config after load, 4ms
2019-11-15 13:34:04,318 INFO 4356 [egg-mongoose] starting...
2019-11-15 13:34:04,386 INFO 4356 [egg-watcher:application] watcher start success
2019-11-15 13:34:04,389 INFO 4356 [egg-mongoose] mongodb://127.0.0.1/shoppingMall connected successfully
2019-11-15 13:34:04,403 INFO 4356 [egg-mongoose] instance[0] start successfully
2019-11-15 13:34:04,410 INFO 4356 [egg:core] dump config after ready, 5ms
2019-11-16 08:24:15,805 INFO 3032 [egg:logger] init all loggers with options: {"dir":"D:\\WangXinyu_projects\\shoppingmall\\shopping-mall\\server\\logs\\server","encoding":"utf8","env":"local","level":"INFO","consoleLevel":"INFO","disableConsoleAfterReady":false,"outputJSON":false,"buffer":true,"appLogName":"server-web.log","coreLogName":"egg-web.log","agentLogName":"egg-agent.log","errorLogName":"common-error.log","coreLogger":{"consoleLevel":"WARN"},"allowDebugAtProd":false,"type":"application"}
2019-11-16 08:24:15,831 INFO 3032 [egg-multipart] stream mode enable
2019-11-16 08:24:16,284 INFO 3032 [egg-mongoose] connecting mongodb://127.0.0.1/shoppingMall
2019-11-16 08:24:16,660 INFO 3032 [egg-static] starting static serve /public/ -> D:\WangXinyu_projects\shoppingmall\shopping-mall\server\app\public
2019-11-16 08:24:16,663 INFO 3032 [egg-security] use methodnoallow middleware
2019-11-16 08:24:16,664 INFO 3032 [egg-security] use noopen middleware
2019-11-16 08:24:16,666 INFO 3032 [egg-security] use nosniff middleware
2019-11-16 08:24:16,666 INFO 3032 [egg-security] use xssProtection middleware
2019-11-16 08:24:16,667 INFO 3032 [egg-security] use xframe middleware
2019-11-16 08:24:16,668 INFO 3032 [egg-security] use dta middleware
2019-11-16 08:24:16,668 INFO 3032 [egg-security] compose 6 middlewares into one security middleware
2019-11-16 08:24:16,690 INFO 3032 [egg:core] dump config after load, 4ms
2019-11-16 08:24:16,693 INFO 3032 [egg-mongoose] starting...
2019-11-16 08:24:16,756 INFO 3032 [egg-mongoose] mongodb://127.0.0.1/shoppingMall connected successfully
2019-11-16 08:24:16,769 INFO 3032 [egg-mongoose] instance[0] start successfully
2019-11-16 08:24:16,771 INFO 3032 [egg-watcher:application] watcher start success
2019-11-16 08:24:16,780 INFO 3032 [egg:core] dump config after ready, 5ms
